<?xml version="1.0"?>
<source xmlns="http://xml.phpdox.net/token">
  <file xmlns="http://xml.phpdox.net/src" path="//var/www/html/vendor/friendsofphp/php-cs-fixer/src/Console/Report/FixReport" file="JunitReporter.php" realpath="/var/www/html/vendor/friendsofphp/php-cs-fixer/src/Console/Report/FixReport/JunitReporter.php" size="4516" time="2022-03-18T17:20:59+00:00" unixtime="1647624059" sha1="b409ea4ff63e29f503b7259d0f01fbe24cc5a3f6" relative="ar/www/html/vendor/friendsofphp/php-cs-fixer/src/Console/Report/FixReport/JunitReporter.php"/>
  <line no="1">
    <token name="T_OPEN_TAG">&lt;?php</token>
  </line>
  <line no="2"/>
  <line no="3">
    <token name="T_DECLARE">declare</token>
    <token name="T_PHPDOX_OPEN_BRACKET">(</token>
    <token name="T_STRING">strict_types</token>
    <token name="T_PHPDOX_EQUAL">=</token>
    <token name="T_LNUMBER">1</token>
    <token name="T_PHPDOX_CLOSE_BRACKET">)</token>
    <token name="T_PHPDOX_SEMICOLON">;</token>
  </line>
  <line no="4"/>
  <line no="5">
    <token name="T_COMMENT">/*</token>
  </line>
  <line no="6">
    <token name="T_COMMENT"> * This file is part of PHP CS Fixer.</token>
  </line>
  <line no="7">
    <token name="T_COMMENT"> *</token>
  </line>
  <line no="8">
    <token name="T_COMMENT"> * (c) Fabien Potencier &lt;fabien@symfony.com&gt;</token>
  </line>
  <line no="9">
    <token name="T_COMMENT"> *     Dariusz Rumi&#x144;ski &lt;dariusz.ruminski@gmail.com&gt;</token>
  </line>
  <line no="10">
    <token name="T_COMMENT"> *</token>
  </line>
  <line no="11">
    <token name="T_COMMENT"> * This source file is subject to the MIT license that is bundled</token>
  </line>
  <line no="12">
    <token name="T_COMMENT"> * with this source code in the file LICENSE.</token>
  </line>
  <line no="13">
    <token name="T_COMMENT"> */</token>
  </line>
  <line no="14"/>
  <line no="15">
    <token name="T_NAMESPACE">namespace</token>
    <token name="T_WHITESPACE"> </token>
    <token name="T_STRING">PhpCsFixer</token>
    <token name="T_NS_SEPARATOR">\</token>
    <token name="T_STRING">Console</token>
    <token name="T_NS_SEPARATOR">\</token>
    <token name="T_STRING">Report</token>
    <token name="T_NS_SEPARATOR">\</token>
    <token name="T_STRING">FixReport</token>
    <token name="T_PHPDOX_SEMICOLON">;</token>
  </line>
  <line no="16"/>
  <line no="17">
    <token name="T_USE">use</token>
    <token name="T_WHITESPACE"> </token>
    <token name="T_STRING">PhpCsFixer</token>
    <token name="T_NS_SEPARATOR">\</token>
    <token name="T_STRING">Preg</token>
    <token name="T_PHPDOX_SEMICOLON">;</token>
  </line>
  <line no="18">
    <token name="T_USE">use</token>
    <token name="T_WHITESPACE"> </token>
    <token name="T_STRING">Symfony</token>
    <token name="T_NS_SEPARATOR">\</token>
    <token name="T_STRING">Component</token>
    <token name="T_NS_SEPARATOR">\</token>
    <token name="T_STRING">Console</token>
    <token name="T_NS_SEPARATOR">\</token>
    <token name="T_STRING">Formatter</token>
    <token name="T_NS_SEPARATOR">\</token>
    <token name="T_STRING">OutputFormatter</token>
    <token name="T_PHPDOX_SEMICOLON">;</token>
  </line>
  <line no="19"/>
  <line no="20">
    <token name="T_DOC_COMMENT">/**</token>
  </line>
  <line no="21">
    <token name="T_DOC_COMMENT"> * @author Boris Gorbylev &lt;ekho@ekho.name&gt;</token>
  </line>
  <line no="22">
    <token name="T_DOC_COMMENT"> *</token>
  </line>
  <line no="23">
    <token name="T_DOC_COMMENT"> * @internal</token>
  </line>
  <line no="24">
    <token name="T_DOC_COMMENT"> */</token>
  </line>
  <line no="25">
    <token name="T_FINAL">final</token>
    <token name="T_WHITESPACE"> </token>
    <token name="T_CLASS">class</token>
    <token name="T_WHITESPACE"> </token>
    <token name="T_STRING">JunitReporter</token>
    <token name="T_WHITESPACE"> </token>
    <token name="T_IMPLEMENTS">implements</token>
    <token name="T_WHITESPACE"> </token>
    <token name="T_STRING">ReporterInterface</token>
  </line>
  <line no="26">
    <token name="T_PHPDOX_OPEN_CURLY">{</token>
  </line>
  <line no="27">
    <token name="T_WHITESPACE">    </token>
    <token name="T_DOC_COMMENT">/**</token>
  </line>
  <line no="28">
    <token name="T_DOC_COMMENT">     * {@inheritdoc}</token>
  </line>
  <line no="29">
    <token name="T_DOC_COMMENT">     */</token>
  </line>
  <line no="30">
    <token name="T_WHITESPACE">    </token>
    <token name="T_PUBLIC">public</token>
    <token name="T_WHITESPACE"> </token>
    <token name="T_FUNCTION">function</token>
    <token name="T_WHITESPACE"> </token>
    <token name="T_STRING">getFormat</token>
    <token name="T_PHPDOX_OPEN_BRACKET">(</token>
    <token name="T_PHPDOX_CLOSE_BRACKET">)</token>
    <token name="T_PHPDOX_COLON">:</token>
    <token name="T_WHITESPACE"> </token>
    <token name="T_STRING">string</token>
  </line>
  <line no="31">
    <token name="T_WHITESPACE">    </token>
    <token name="T_PHPDOX_OPEN_CURLY">{</token>
  </line>
  <line no="32">
    <token name="T_WHITESPACE">        </token>
    <token name="T_RETURN">return</token>
    <token name="T_WHITESPACE"> </token>
    <token name="T_CONSTANT_ENCAPSED_STRING">'junit'</token>
    <token name="T_PHPDOX_SEMICOLON">;</token>
  </line>
  <line no="33">
    <token name="T_WHITESPACE">    </token>
    <token name="T_PHPDOX_CLOSE_CURLY">}</token>
  </line>
  <line no="34"/>
  <line no="35">
    <token name="T_WHITESPACE">    </token>
    <token name="T_DOC_COMMENT">/**</token>
  </line>
  <line no="36">
    <token name="T_DOC_COMMENT">     * {@inheritdoc}</token>
  </line>
  <line no="37">
    <token name="T_DOC_COMMENT">     */</token>
  </line>
  <line no="38">
    <token name="T_WHITESPACE">    </token>
    <token name="T_PUBLIC">public</token>
    <token name="T_WHITESPACE"> </token>
    <token name="T_FUNCTION">function</token>
    <token name="T_WHITESPACE"> </token>
    <token name="T_STRING">generate</token>
    <token name="T_PHPDOX_OPEN_BRACKET">(</token>
    <token name="T_STRING">ReportSummary</token>
    <token name="T_WHITESPACE"> </token>
    <token name="T_VARIABLE">$reportSummary</token>
    <token name="T_PHPDOX_CLOSE_BRACKET">)</token>
    <token name="T_PHPDOX_COLON">:</token>
    <token name="T_WHITESPACE"> </token>
    <token name="T_STRING">string</token>
  </line>
  <line no="39">
    <token name="T_WHITESPACE">    </token>
    <token name="T_PHPDOX_OPEN_CURLY">{</token>
  </line>
  <line no="40">
    <token name="T_WHITESPACE">        </token>
    <token name="T_IF">if</token>
    <token name="T_WHITESPACE"> </token>
    <token name="T_PHPDOX_OPEN_BRACKET">(</token>
    <token name="T_PHPDOX_EXCLAMATION_MARK">!</token>
    <token name="T_NS_SEPARATOR">\</token>
    <token name="T_STRING">extension_loaded</token>
    <token name="T_PHPDOX_OPEN_BRACKET">(</token>
    <token name="T_CONSTANT_ENCAPSED_STRING">'dom'</token>
    <token name="T_PHPDOX_CLOSE_BRACKET">)</token>
    <token name="T_PHPDOX_CLOSE_BRACKET">)</token>
    <token name="T_WHITESPACE"> </token>
    <token name="T_PHPDOX_OPEN_CURLY">{</token>
  </line>
  <line no="41">
    <token name="T_WHITESPACE">            </token>
    <token name="T_THROW">throw</token>
    <token name="T_WHITESPACE"> </token>
    <token name="T_NEW">new</token>
    <token name="T_WHITESPACE"> </token>
    <token name="T_NS_SEPARATOR">\</token>
    <token name="T_STRING">RuntimeException</token>
    <token name="T_PHPDOX_OPEN_BRACKET">(</token>
    <token name="T_CONSTANT_ENCAPSED_STRING">'Cannot generate report! `ext-dom` is not available!'</token>
    <token name="T_PHPDOX_CLOSE_BRACKET">)</token>
    <token name="T_PHPDOX_SEMICOLON">;</token>
  </line>
  <line no="42">
    <token name="T_WHITESPACE">        </token>
    <token name="T_PHPDOX_CLOSE_CURLY">}</token>
  </line>
  <line no="43"/>
  <line no="44">
    <token name="T_WHITESPACE">        </token>
    <token name="T_VARIABLE">$dom</token>
    <token name="T_WHITESPACE"> </token>
    <token name="T_PHPDOX_EQUAL">=</token>
    <token name="T_WHITESPACE"> </token>
    <token name="T_NEW">new</token>
    <token name="T_WHITESPACE"> </token>
    <token name="T_NS_SEPARATOR">\</token>
    <token name="T_STRING">DOMDocument</token>
    <token name="T_PHPDOX_OPEN_BRACKET">(</token>
    <token name="T_CONSTANT_ENCAPSED_STRING">'1.0'</token>
    <token name="T_PHPDOX_COMMA">,</token>
    <token name="T_WHITESPACE"> </token>
    <token name="T_CONSTANT_ENCAPSED_STRING">'UTF-8'</token>
    <token name="T_PHPDOX_CLOSE_BRACKET">)</token>
    <token name="T_PHPDOX_SEMICOLON">;</token>
  </line>
  <line no="45">
    <token name="T_WHITESPACE">        </token>
    <token name="T_VARIABLE">$testsuites</token>
    <token name="T_WHITESPACE"> </token>
    <token name="T_PHPDOX_EQUAL">=</token>
    <token name="T_WHITESPACE"> </token>
    <token name="T_VARIABLE">$dom</token>
    <token name="T_OBJECT_OPERATOR">-&gt;</token>
    <token name="T_STRING">appendChild</token>
    <token name="T_PHPDOX_OPEN_BRACKET">(</token>
    <token name="T_VARIABLE">$dom</token>
    <token name="T_OBJECT_OPERATOR">-&gt;</token>
    <token name="T_STRING">createElement</token>
    <token name="T_PHPDOX_OPEN_BRACKET">(</token>
    <token name="T_CONSTANT_ENCAPSED_STRING">'testsuites'</token>
    <token name="T_PHPDOX_CLOSE_BRACKET">)</token>
    <token name="T_PHPDOX_CLOSE_BRACKET">)</token>
    <token name="T_PHPDOX_SEMICOLON">;</token>
  </line>
  <line no="46"/>
  <line no="47">
    <token name="T_WHITESPACE">        </token>
    <token name="T_DOC_COMMENT">/** @var \DomElement $testsuite */</token>
  </line>
  <line no="48">
    <token name="T_WHITESPACE">        </token>
    <token name="T_VARIABLE">$testsuite</token>
    <token name="T_WHITESPACE"> </token>
    <token name="T_PHPDOX_EQUAL">=</token>
    <token name="T_WHITESPACE"> </token>
    <token name="T_VARIABLE">$testsuites</token>
    <token name="T_OBJECT_OPERATOR">-&gt;</token>
    <token name="T_STRING">appendChild</token>
    <token name="T_PHPDOX_OPEN_BRACKET">(</token>
    <token name="T_VARIABLE">$dom</token>
    <token name="T_OBJECT_OPERATOR">-&gt;</token>
    <token name="T_STRING">createElement</token>
    <token name="T_PHPDOX_OPEN_BRACKET">(</token>
    <token name="T_CONSTANT_ENCAPSED_STRING">'testsuite'</token>
    <token name="T_PHPDOX_CLOSE_BRACKET">)</token>
    <token name="T_PHPDOX_CLOSE_BRACKET">)</token>
    <token name="T_PHPDOX_SEMICOLON">;</token>
  </line>
  <line no="49">
    <token name="T_WHITESPACE">        </token>
    <token name="T_VARIABLE">$testsuite</token>
    <token name="T_OBJECT_OPERATOR">-&gt;</token>
    <token name="T_STRING">setAttribute</token>
    <token name="T_PHPDOX_OPEN_BRACKET">(</token>
    <token name="T_CONSTANT_ENCAPSED_STRING">'name'</token>
    <token name="T_PHPDOX_COMMA">,</token>
    <token name="T_WHITESPACE"> </token>
    <token name="T_CONSTANT_ENCAPSED_STRING">'PHP CS Fixer'</token>
    <token name="T_PHPDOX_CLOSE_BRACKET">)</token>
    <token name="T_PHPDOX_SEMICOLON">;</token>
  </line>
  <line no="50"/>
  <line no="51">
    <token name="T_WHITESPACE">        </token>
    <token name="T_IF">if</token>
    <token name="T_WHITESPACE"> </token>
    <token name="T_PHPDOX_OPEN_BRACKET">(</token>
    <token name="T_NS_SEPARATOR">\</token>
    <token name="T_STRING">count</token>
    <token name="T_PHPDOX_OPEN_BRACKET">(</token>
    <token name="T_VARIABLE">$reportSummary</token>
    <token name="T_OBJECT_OPERATOR">-&gt;</token>
    <token name="T_STRING">getChanged</token>
    <token name="T_PHPDOX_OPEN_BRACKET">(</token>
    <token name="T_PHPDOX_CLOSE_BRACKET">)</token>
    <token name="T_PHPDOX_CLOSE_BRACKET">)</token>
    <token name="T_WHITESPACE"> </token>
    <token name="T_PHPDOX_GT">&gt;</token>
    <token name="T_WHITESPACE"> </token>
    <token name="T_LNUMBER">0</token>
    <token name="T_PHPDOX_CLOSE_BRACKET">)</token>
    <token name="T_WHITESPACE"> </token>
    <token name="T_PHPDOX_OPEN_CURLY">{</token>
  </line>
  <line no="52">
    <token name="T_WHITESPACE">            </token>
    <token name="T_VARIABLE">$this</token>
    <token name="T_OBJECT_OPERATOR">-&gt;</token>
    <token name="T_STRING">createFailedTestCases</token>
    <token name="T_PHPDOX_OPEN_BRACKET">(</token>
    <token name="T_VARIABLE">$dom</token>
    <token name="T_PHPDOX_COMMA">,</token>
    <token name="T_WHITESPACE"> </token>
    <token name="T_VARIABLE">$testsuite</token>
    <token name="T_PHPDOX_COMMA">,</token>
    <token name="T_WHITESPACE"> </token>
    <token name="T_VARIABLE">$reportSummary</token>
    <token name="T_PHPDOX_CLOSE_BRACKET">)</token>
    <token name="T_PHPDOX_SEMICOLON">;</token>
  </line>
  <line no="53">
    <token name="T_WHITESPACE">        </token>
    <token name="T_PHPDOX_CLOSE_CURLY">}</token>
    <token name="T_WHITESPACE"> </token>
    <token name="T_ELSE">else</token>
    <token name="T_WHITESPACE"> </token>
    <token name="T_PHPDOX_OPEN_CURLY">{</token>
  </line>
  <line no="54">
    <token name="T_WHITESPACE">            </token>
    <token name="T_VARIABLE">$this</token>
    <token name="T_OBJECT_OPERATOR">-&gt;</token>
    <token name="T_STRING">createSuccessTestCase</token>
    <token name="T_PHPDOX_OPEN_BRACKET">(</token>
    <token name="T_VARIABLE">$dom</token>
    <token name="T_PHPDOX_COMMA">,</token>
    <token name="T_WHITESPACE"> </token>
    <token name="T_VARIABLE">$testsuite</token>
    <token name="T_PHPDOX_CLOSE_BRACKET">)</token>
    <token name="T_PHPDOX_SEMICOLON">;</token>
  </line>
  <line no="55">
    <token name="T_WHITESPACE">        </token>
    <token name="T_PHPDOX_CLOSE_CURLY">}</token>
  </line>
  <line no="56"/>
  <line no="57">
    <token name="T_WHITESPACE">        </token>
    <token name="T_IF">if</token>
    <token name="T_WHITESPACE"> </token>
    <token name="T_PHPDOX_OPEN_BRACKET">(</token>
    <token name="T_VARIABLE">$reportSummary</token>
    <token name="T_OBJECT_OPERATOR">-&gt;</token>
    <token name="T_STRING">getTime</token>
    <token name="T_PHPDOX_OPEN_BRACKET">(</token>
    <token name="T_PHPDOX_CLOSE_BRACKET">)</token>
    <token name="T_WHITESPACE"> </token>
    <token name="T_PHPDOX_GT">&gt;</token>
    <token name="T_WHITESPACE"> </token>
    <token name="T_LNUMBER">0</token>
    <token name="T_PHPDOX_CLOSE_BRACKET">)</token>
    <token name="T_WHITESPACE"> </token>
    <token name="T_PHPDOX_OPEN_CURLY">{</token>
  </line>
  <line no="58">
    <token name="T_WHITESPACE">            </token>
    <token name="T_VARIABLE">$testsuite</token>
    <token name="T_OBJECT_OPERATOR">-&gt;</token>
    <token name="T_STRING">setAttribute</token>
    <token name="T_PHPDOX_OPEN_BRACKET">(</token>
  </line>
  <line no="59">
    <token name="T_WHITESPACE">                </token>
    <token name="T_CONSTANT_ENCAPSED_STRING">'time'</token>
    <token name="T_PHPDOX_COMMA">,</token>
  </line>
  <line no="60">
    <token name="T_WHITESPACE">                </token>
    <token name="T_STRING">sprintf</token>
    <token name="T_PHPDOX_OPEN_BRACKET">(</token>
  </line>
  <line no="61">
    <token name="T_WHITESPACE">                    </token>
    <token name="T_CONSTANT_ENCAPSED_STRING">'%.3f'</token>
    <token name="T_PHPDOX_COMMA">,</token>
  </line>
  <line no="62">
    <token name="T_WHITESPACE">                    </token>
    <token name="T_VARIABLE">$reportSummary</token>
    <token name="T_OBJECT_OPERATOR">-&gt;</token>
    <token name="T_STRING">getTime</token>
    <token name="T_PHPDOX_OPEN_BRACKET">(</token>
    <token name="T_PHPDOX_CLOSE_BRACKET">)</token>
    <token name="T_WHITESPACE"> </token>
    <token name="T_PHPDOX_DIV">/</token>
    <token name="T_WHITESPACE"> </token>
    <token name="T_LNUMBER">1000</token>
  </line>
  <line no="63">
    <token name="T_WHITESPACE">                </token>
    <token name="T_PHPDOX_CLOSE_BRACKET">)</token>
  </line>
  <line no="64">
    <token name="T_WHITESPACE">            </token>
    <token name="T_PHPDOX_CLOSE_BRACKET">)</token>
    <token name="T_PHPDOX_SEMICOLON">;</token>
  </line>
  <line no="65">
    <token name="T_WHITESPACE">        </token>
    <token name="T_PHPDOX_CLOSE_CURLY">}</token>
  </line>
  <line no="66"/>
  <line no="67">
    <token name="T_WHITESPACE">        </token>
    <token name="T_VARIABLE">$dom</token>
    <token name="T_OBJECT_OPERATOR">-&gt;</token>
    <token name="T_STRING">formatOutput</token>
    <token name="T_WHITESPACE"> </token>
    <token name="T_PHPDOX_EQUAL">=</token>
    <token name="T_WHITESPACE"> </token>
    <token name="T_STRING">true</token>
    <token name="T_PHPDOX_SEMICOLON">;</token>
  </line>
  <line no="68"/>
  <line no="69">
    <token name="T_WHITESPACE">        </token>
    <token name="T_RETURN">return</token>
    <token name="T_WHITESPACE"> </token>
    <token name="T_VARIABLE">$reportSummary</token>
    <token name="T_OBJECT_OPERATOR">-&gt;</token>
    <token name="T_STRING">isDecoratedOutput</token>
    <token name="T_PHPDOX_OPEN_BRACKET">(</token>
    <token name="T_PHPDOX_CLOSE_BRACKET">)</token>
    <token name="T_WHITESPACE"> </token>
    <token name="T_PHPDOX_QUESTION_MARK">?</token>
    <token name="T_WHITESPACE"> </token>
    <token name="T_STRING">OutputFormatter</token>
    <token name="T_DOUBLE_COLON">::</token>
    <token name="T_STRING">escape</token>
    <token name="T_PHPDOX_OPEN_BRACKET">(</token>
    <token name="T_VARIABLE">$dom</token>
    <token name="T_OBJECT_OPERATOR">-&gt;</token>
    <token name="T_STRING">saveXML</token>
    <token name="T_PHPDOX_OPEN_BRACKET">(</token>
    <token name="T_PHPDOX_CLOSE_BRACKET">)</token>
    <token name="T_PHPDOX_CLOSE_BRACKET">)</token>
    <token name="T_WHITESPACE"> </token>
    <token name="T_PHPDOX_COLON">:</token>
    <token name="T_WHITESPACE"> </token>
    <token name="T_VARIABLE">$dom</token>
    <token name="T_OBJECT_OPERATOR">-&gt;</token>
    <token name="T_STRING">saveXML</token>
    <token name="T_PHPDOX_OPEN_BRACKET">(</token>
    <token name="T_PHPDOX_CLOSE_BRACKET">)</token>
    <token name="T_PHPDOX_SEMICOLON">;</token>
  </line>
  <line no="70">
    <token name="T_WHITESPACE">    </token>
    <token name="T_PHPDOX_CLOSE_CURLY">}</token>
  </line>
  <line no="71"/>
  <line no="72">
    <token name="T_WHITESPACE">    </token>
    <token name="T_PRIVATE">private</token>
    <token name="T_WHITESPACE"> </token>
    <token name="T_FUNCTION">function</token>
    <token name="T_WHITESPACE"> </token>
    <token name="T_STRING">createSuccessTestCase</token>
    <token name="T_PHPDOX_OPEN_BRACKET">(</token>
    <token name="T_NS_SEPARATOR">\</token>
    <token name="T_STRING">DOMDocument</token>
    <token name="T_WHITESPACE"> </token>
    <token name="T_VARIABLE">$dom</token>
    <token name="T_PHPDOX_COMMA">,</token>
    <token name="T_WHITESPACE"> </token>
    <token name="T_NS_SEPARATOR">\</token>
    <token name="T_STRING">DOMElement</token>
    <token name="T_WHITESPACE"> </token>
    <token name="T_VARIABLE">$testsuite</token>
    <token name="T_PHPDOX_CLOSE_BRACKET">)</token>
    <token name="T_PHPDOX_COLON">:</token>
    <token name="T_WHITESPACE"> </token>
    <token name="T_STRING">void</token>
  </line>
  <line no="73">
    <token name="T_WHITESPACE">    </token>
    <token name="T_PHPDOX_OPEN_CURLY">{</token>
  </line>
  <line no="74">
    <token name="T_WHITESPACE">        </token>
    <token name="T_VARIABLE">$testcase</token>
    <token name="T_WHITESPACE"> </token>
    <token name="T_PHPDOX_EQUAL">=</token>
    <token name="T_WHITESPACE"> </token>
    <token name="T_VARIABLE">$dom</token>
    <token name="T_OBJECT_OPERATOR">-&gt;</token>
    <token name="T_STRING">createElement</token>
    <token name="T_PHPDOX_OPEN_BRACKET">(</token>
    <token name="T_CONSTANT_ENCAPSED_STRING">'testcase'</token>
    <token name="T_PHPDOX_CLOSE_BRACKET">)</token>
    <token name="T_PHPDOX_SEMICOLON">;</token>
  </line>
  <line no="75">
    <token name="T_WHITESPACE">        </token>
    <token name="T_VARIABLE">$testcase</token>
    <token name="T_OBJECT_OPERATOR">-&gt;</token>
    <token name="T_STRING">setAttribute</token>
    <token name="T_PHPDOX_OPEN_BRACKET">(</token>
    <token name="T_CONSTANT_ENCAPSED_STRING">'name'</token>
    <token name="T_PHPDOX_COMMA">,</token>
    <token name="T_WHITESPACE"> </token>
    <token name="T_CONSTANT_ENCAPSED_STRING">'All OK'</token>
    <token name="T_PHPDOX_CLOSE_BRACKET">)</token>
    <token name="T_PHPDOX_SEMICOLON">;</token>
  </line>
  <line no="76">
    <token name="T_WHITESPACE">        </token>
    <token name="T_VARIABLE">$testcase</token>
    <token name="T_OBJECT_OPERATOR">-&gt;</token>
    <token name="T_STRING">setAttribute</token>
    <token name="T_PHPDOX_OPEN_BRACKET">(</token>
    <token name="T_CONSTANT_ENCAPSED_STRING">'assertions'</token>
    <token name="T_PHPDOX_COMMA">,</token>
    <token name="T_WHITESPACE"> </token>
    <token name="T_CONSTANT_ENCAPSED_STRING">'1'</token>
    <token name="T_PHPDOX_CLOSE_BRACKET">)</token>
    <token name="T_PHPDOX_SEMICOLON">;</token>
  </line>
  <line no="77"/>
  <line no="78">
    <token name="T_WHITESPACE">        </token>
    <token name="T_VARIABLE">$testsuite</token>
    <token name="T_OBJECT_OPERATOR">-&gt;</token>
    <token name="T_STRING">appendChild</token>
    <token name="T_PHPDOX_OPEN_BRACKET">(</token>
    <token name="T_VARIABLE">$testcase</token>
    <token name="T_PHPDOX_CLOSE_BRACKET">)</token>
    <token name="T_PHPDOX_SEMICOLON">;</token>
  </line>
  <line no="79">
    <token name="T_WHITESPACE">        </token>
    <token name="T_VARIABLE">$testsuite</token>
    <token name="T_OBJECT_OPERATOR">-&gt;</token>
    <token name="T_STRING">setAttribute</token>
    <token name="T_PHPDOX_OPEN_BRACKET">(</token>
    <token name="T_CONSTANT_ENCAPSED_STRING">'tests'</token>
    <token name="T_PHPDOX_COMMA">,</token>
    <token name="T_WHITESPACE"> </token>
    <token name="T_CONSTANT_ENCAPSED_STRING">'1'</token>
    <token name="T_PHPDOX_CLOSE_BRACKET">)</token>
    <token name="T_PHPDOX_SEMICOLON">;</token>
  </line>
  <line no="80">
    <token name="T_WHITESPACE">        </token>
    <token name="T_VARIABLE">$testsuite</token>
    <token name="T_OBJECT_OPERATOR">-&gt;</token>
    <token name="T_STRING">setAttribute</token>
    <token name="T_PHPDOX_OPEN_BRACKET">(</token>
    <token name="T_CONSTANT_ENCAPSED_STRING">'assertions'</token>
    <token name="T_PHPDOX_COMMA">,</token>
    <token name="T_WHITESPACE"> </token>
    <token name="T_CONSTANT_ENCAPSED_STRING">'1'</token>
    <token name="T_PHPDOX_CLOSE_BRACKET">)</token>
    <token name="T_PHPDOX_SEMICOLON">;</token>
  </line>
  <line no="81">
    <token name="T_WHITESPACE">        </token>
    <token name="T_VARIABLE">$testsuite</token>
    <token name="T_OBJECT_OPERATOR">-&gt;</token>
    <token name="T_STRING">setAttribute</token>
    <token name="T_PHPDOX_OPEN_BRACKET">(</token>
    <token name="T_CONSTANT_ENCAPSED_STRING">'failures'</token>
    <token name="T_PHPDOX_COMMA">,</token>
    <token name="T_WHITESPACE"> </token>
    <token name="T_CONSTANT_ENCAPSED_STRING">'0'</token>
    <token name="T_PHPDOX_CLOSE_BRACKET">)</token>
    <token name="T_PHPDOX_SEMICOLON">;</token>
  </line>
  <line no="82">
    <token name="T_WHITESPACE">        </token>
    <token name="T_VARIABLE">$testsuite</token>
    <token name="T_OBJECT_OPERATOR">-&gt;</token>
    <token name="T_STRING">setAttribute</token>
    <token name="T_PHPDOX_OPEN_BRACKET">(</token>
    <token name="T_CONSTANT_ENCAPSED_STRING">'errors'</token>
    <token name="T_PHPDOX_COMMA">,</token>
    <token name="T_WHITESPACE"> </token>
    <token name="T_CONSTANT_ENCAPSED_STRING">'0'</token>
    <token name="T_PHPDOX_CLOSE_BRACKET">)</token>
    <token name="T_PHPDOX_SEMICOLON">;</token>
  </line>
  <line no="83">
    <token name="T_WHITESPACE">    </token>
    <token name="T_PHPDOX_CLOSE_CURLY">}</token>
  </line>
  <line no="84"/>
  <line no="85">
    <token name="T_WHITESPACE">    </token>
    <token name="T_PRIVATE">private</token>
    <token name="T_WHITESPACE"> </token>
    <token name="T_FUNCTION">function</token>
    <token name="T_WHITESPACE"> </token>
    <token name="T_STRING">createFailedTestCases</token>
    <token name="T_PHPDOX_OPEN_BRACKET">(</token>
    <token name="T_NS_SEPARATOR">\</token>
    <token name="T_STRING">DOMDocument</token>
    <token name="T_WHITESPACE"> </token>
    <token name="T_VARIABLE">$dom</token>
    <token name="T_PHPDOX_COMMA">,</token>
    <token name="T_WHITESPACE"> </token>
    <token name="T_NS_SEPARATOR">\</token>
    <token name="T_STRING">DOMElement</token>
    <token name="T_WHITESPACE"> </token>
    <token name="T_VARIABLE">$testsuite</token>
    <token name="T_PHPDOX_COMMA">,</token>
    <token name="T_WHITESPACE"> </token>
    <token name="T_STRING">ReportSummary</token>
    <token name="T_WHITESPACE"> </token>
    <token name="T_VARIABLE">$reportSummary</token>
    <token name="T_PHPDOX_CLOSE_BRACKET">)</token>
    <token name="T_PHPDOX_COLON">:</token>
    <token name="T_WHITESPACE"> </token>
    <token name="T_STRING">void</token>
  </line>
  <line no="86">
    <token name="T_WHITESPACE">    </token>
    <token name="T_PHPDOX_OPEN_CURLY">{</token>
  </line>
  <line no="87">
    <token name="T_WHITESPACE">        </token>
    <token name="T_VARIABLE">$assertionsCount</token>
    <token name="T_WHITESPACE"> </token>
    <token name="T_PHPDOX_EQUAL">=</token>
    <token name="T_WHITESPACE"> </token>
    <token name="T_LNUMBER">0</token>
    <token name="T_PHPDOX_SEMICOLON">;</token>
  </line>
  <line no="88">
    <token name="T_WHITESPACE">        </token>
    <token name="T_FOREACH">foreach</token>
    <token name="T_WHITESPACE"> </token>
    <token name="T_PHPDOX_OPEN_BRACKET">(</token>
    <token name="T_VARIABLE">$reportSummary</token>
    <token name="T_OBJECT_OPERATOR">-&gt;</token>
    <token name="T_STRING">getChanged</token>
    <token name="T_PHPDOX_OPEN_BRACKET">(</token>
    <token name="T_PHPDOX_CLOSE_BRACKET">)</token>
    <token name="T_WHITESPACE"> </token>
    <token name="T_AS">as</token>
    <token name="T_WHITESPACE"> </token>
    <token name="T_VARIABLE">$file</token>
    <token name="T_WHITESPACE"> </token>
    <token name="T_DOUBLE_ARROW">=&gt;</token>
    <token name="T_WHITESPACE"> </token>
    <token name="T_VARIABLE">$fixResult</token>
    <token name="T_PHPDOX_CLOSE_BRACKET">)</token>
    <token name="T_WHITESPACE"> </token>
    <token name="T_PHPDOX_OPEN_CURLY">{</token>
  </line>
  <line no="89">
    <token name="T_WHITESPACE">            </token>
    <token name="T_VARIABLE">$testcase</token>
    <token name="T_WHITESPACE"> </token>
    <token name="T_PHPDOX_EQUAL">=</token>
    <token name="T_WHITESPACE"> </token>
    <token name="T_VARIABLE">$this</token>
    <token name="T_OBJECT_OPERATOR">-&gt;</token>
    <token name="T_STRING">createFailedTestCase</token>
    <token name="T_PHPDOX_OPEN_BRACKET">(</token>
  </line>
  <line no="90">
    <token name="T_WHITESPACE">                </token>
    <token name="T_VARIABLE">$dom</token>
    <token name="T_PHPDOX_COMMA">,</token>
  </line>
  <line no="91">
    <token name="T_WHITESPACE">                </token>
    <token name="T_VARIABLE">$file</token>
    <token name="T_PHPDOX_COMMA">,</token>
  </line>
  <line no="92">
    <token name="T_WHITESPACE">                </token>
    <token name="T_VARIABLE">$fixResult</token>
    <token name="T_PHPDOX_COMMA">,</token>
  </line>
  <line no="93">
    <token name="T_WHITESPACE">                </token>
    <token name="T_VARIABLE">$reportSummary</token>
    <token name="T_OBJECT_OPERATOR">-&gt;</token>
    <token name="T_STRING">shouldAddAppliedFixers</token>
    <token name="T_PHPDOX_OPEN_BRACKET">(</token>
    <token name="T_PHPDOX_CLOSE_BRACKET">)</token>
  </line>
  <line no="94">
    <token name="T_WHITESPACE">            </token>
    <token name="T_PHPDOX_CLOSE_BRACKET">)</token>
    <token name="T_PHPDOX_SEMICOLON">;</token>
  </line>
  <line no="95">
    <token name="T_WHITESPACE">            </token>
    <token name="T_VARIABLE">$testsuite</token>
    <token name="T_OBJECT_OPERATOR">-&gt;</token>
    <token name="T_STRING">appendChild</token>
    <token name="T_PHPDOX_OPEN_BRACKET">(</token>
    <token name="T_VARIABLE">$testcase</token>
    <token name="T_PHPDOX_CLOSE_BRACKET">)</token>
    <token name="T_PHPDOX_SEMICOLON">;</token>
  </line>
  <line no="96">
    <token name="T_WHITESPACE">            </token>
    <token name="T_VARIABLE">$assertionsCount</token>
    <token name="T_WHITESPACE"> </token>
    <token name="T_PLUS_EQUAL">+=</token>
    <token name="T_WHITESPACE"> </token>
    <token name="T_INT_CAST">(int)</token>
    <token name="T_WHITESPACE"> </token>
    <token name="T_VARIABLE">$testcase</token>
    <token name="T_OBJECT_OPERATOR">-&gt;</token>
    <token name="T_STRING">getAttribute</token>
    <token name="T_PHPDOX_OPEN_BRACKET">(</token>
    <token name="T_CONSTANT_ENCAPSED_STRING">'assertions'</token>
    <token name="T_PHPDOX_CLOSE_BRACKET">)</token>
    <token name="T_PHPDOX_SEMICOLON">;</token>
  </line>
  <line no="97">
    <token name="T_WHITESPACE">        </token>
    <token name="T_PHPDOX_CLOSE_CURLY">}</token>
  </line>
  <line no="98"/>
  <line no="99">
    <token name="T_WHITESPACE">        </token>
    <token name="T_VARIABLE">$testsuite</token>
    <token name="T_OBJECT_OPERATOR">-&gt;</token>
    <token name="T_STRING">setAttribute</token>
    <token name="T_PHPDOX_OPEN_BRACKET">(</token>
    <token name="T_CONSTANT_ENCAPSED_STRING">'tests'</token>
    <token name="T_PHPDOX_COMMA">,</token>
    <token name="T_WHITESPACE"> </token>
    <token name="T_STRING_CAST">(string)</token>
    <token name="T_WHITESPACE"> </token>
    <token name="T_NS_SEPARATOR">\</token>
    <token name="T_STRING">count</token>
    <token name="T_PHPDOX_OPEN_BRACKET">(</token>
    <token name="T_VARIABLE">$reportSummary</token>
    <token name="T_OBJECT_OPERATOR">-&gt;</token>
    <token name="T_STRING">getChanged</token>
    <token name="T_PHPDOX_OPEN_BRACKET">(</token>
    <token name="T_PHPDOX_CLOSE_BRACKET">)</token>
    <token name="T_PHPDOX_CLOSE_BRACKET">)</token>
    <token name="T_PHPDOX_CLOSE_BRACKET">)</token>
    <token name="T_PHPDOX_SEMICOLON">;</token>
  </line>
  <line no="100">
    <token name="T_WHITESPACE">        </token>
    <token name="T_VARIABLE">$testsuite</token>
    <token name="T_OBJECT_OPERATOR">-&gt;</token>
    <token name="T_STRING">setAttribute</token>
    <token name="T_PHPDOX_OPEN_BRACKET">(</token>
    <token name="T_CONSTANT_ENCAPSED_STRING">'assertions'</token>
    <token name="T_PHPDOX_COMMA">,</token>
    <token name="T_WHITESPACE"> </token>
    <token name="T_STRING_CAST">(string)</token>
    <token name="T_WHITESPACE"> </token>
    <token name="T_VARIABLE">$assertionsCount</token>
    <token name="T_PHPDOX_CLOSE_BRACKET">)</token>
    <token name="T_PHPDOX_SEMICOLON">;</token>
  </line>
  <line no="101">
    <token name="T_WHITESPACE">        </token>
    <token name="T_VARIABLE">$testsuite</token>
    <token name="T_OBJECT_OPERATOR">-&gt;</token>
    <token name="T_STRING">setAttribute</token>
    <token name="T_PHPDOX_OPEN_BRACKET">(</token>
    <token name="T_CONSTANT_ENCAPSED_STRING">'failures'</token>
    <token name="T_PHPDOX_COMMA">,</token>
    <token name="T_WHITESPACE"> </token>
    <token name="T_STRING_CAST">(string)</token>
    <token name="T_WHITESPACE"> </token>
    <token name="T_VARIABLE">$assertionsCount</token>
    <token name="T_PHPDOX_CLOSE_BRACKET">)</token>
    <token name="T_PHPDOX_SEMICOLON">;</token>
  </line>
  <line no="102">
    <token name="T_WHITESPACE">        </token>
    <token name="T_VARIABLE">$testsuite</token>
    <token name="T_OBJECT_OPERATOR">-&gt;</token>
    <token name="T_STRING">setAttribute</token>
    <token name="T_PHPDOX_OPEN_BRACKET">(</token>
    <token name="T_CONSTANT_ENCAPSED_STRING">'errors'</token>
    <token name="T_PHPDOX_COMMA">,</token>
    <token name="T_WHITESPACE"> </token>
    <token name="T_CONSTANT_ENCAPSED_STRING">'0'</token>
    <token name="T_PHPDOX_CLOSE_BRACKET">)</token>
    <token name="T_PHPDOX_SEMICOLON">;</token>
  </line>
  <line no="103">
    <token name="T_WHITESPACE">    </token>
    <token name="T_PHPDOX_CLOSE_CURLY">}</token>
  </line>
  <line no="104"/>
  <line no="105">
    <token name="T_WHITESPACE">    </token>
    <token name="T_PRIVATE">private</token>
    <token name="T_WHITESPACE"> </token>
    <token name="T_FUNCTION">function</token>
    <token name="T_WHITESPACE"> </token>
    <token name="T_STRING">createFailedTestCase</token>
    <token name="T_PHPDOX_OPEN_BRACKET">(</token>
    <token name="T_NS_SEPARATOR">\</token>
    <token name="T_STRING">DOMDocument</token>
    <token name="T_WHITESPACE"> </token>
    <token name="T_VARIABLE">$dom</token>
    <token name="T_PHPDOX_COMMA">,</token>
    <token name="T_WHITESPACE"> </token>
    <token name="T_STRING">string</token>
    <token name="T_WHITESPACE"> </token>
    <token name="T_VARIABLE">$file</token>
    <token name="T_PHPDOX_COMMA">,</token>
    <token name="T_WHITESPACE"> </token>
    <token name="T_ARRAY">array</token>
    <token name="T_WHITESPACE"> </token>
    <token name="T_VARIABLE">$fixResult</token>
    <token name="T_PHPDOX_COMMA">,</token>
    <token name="T_WHITESPACE"> </token>
    <token name="T_STRING">bool</token>
    <token name="T_WHITESPACE"> </token>
    <token name="T_VARIABLE">$shouldAddAppliedFixers</token>
    <token name="T_PHPDOX_CLOSE_BRACKET">)</token>
    <token name="T_PHPDOX_COLON">:</token>
    <token name="T_WHITESPACE"> </token>
    <token name="T_NS_SEPARATOR">\</token>
    <token name="T_STRING">DOMElement</token>
  </line>
  <line no="106">
    <token name="T_WHITESPACE">    </token>
    <token name="T_PHPDOX_OPEN_CURLY">{</token>
  </line>
  <line no="107">
    <token name="T_WHITESPACE">        </token>
    <token name="T_VARIABLE">$appliedFixersCount</token>
    <token name="T_WHITESPACE"> </token>
    <token name="T_PHPDOX_EQUAL">=</token>
    <token name="T_WHITESPACE"> </token>
    <token name="T_NS_SEPARATOR">\</token>
    <token name="T_STRING">count</token>
    <token name="T_PHPDOX_OPEN_BRACKET">(</token>
    <token name="T_VARIABLE">$fixResult</token>
    <token name="T_PHPDOX_OPEN_SQUARE">[</token>
    <token name="T_CONSTANT_ENCAPSED_STRING">'appliedFixers'</token>
    <token name="T_PHPDOX_CLOSE_SQUARE">]</token>
    <token name="T_PHPDOX_CLOSE_BRACKET">)</token>
    <token name="T_PHPDOX_SEMICOLON">;</token>
  </line>
  <line no="108"/>
  <line no="109">
    <token name="T_WHITESPACE">        </token>
    <token name="T_VARIABLE">$testName</token>
    <token name="T_WHITESPACE"> </token>
    <token name="T_PHPDOX_EQUAL">=</token>
    <token name="T_WHITESPACE"> </token>
    <token name="T_STRING">str_replace</token>
    <token name="T_PHPDOX_OPEN_BRACKET">(</token>
    <token name="T_CONSTANT_ENCAPSED_STRING">'.'</token>
    <token name="T_PHPDOX_COMMA">,</token>
    <token name="T_WHITESPACE"> </token>
    <token name="T_CONSTANT_ENCAPSED_STRING">'_DOT_'</token>
    <token name="T_PHPDOX_COMMA">,</token>
    <token name="T_WHITESPACE"> </token>
    <token name="T_STRING">Preg</token>
    <token name="T_DOUBLE_COLON">::</token>
    <token name="T_STRING">replace</token>
    <token name="T_PHPDOX_OPEN_BRACKET">(</token>
    <token name="T_CONSTANT_ENCAPSED_STRING">'@\.'</token>
    <token name="T_PHPDOX_DOT">.</token>
    <token name="T_STRING">pathinfo</token>
    <token name="T_PHPDOX_OPEN_BRACKET">(</token>
    <token name="T_VARIABLE">$file</token>
    <token name="T_PHPDOX_COMMA">,</token>
    <token name="T_WHITESPACE"> </token>
    <token name="T_STRING">PATHINFO_EXTENSION</token>
    <token name="T_PHPDOX_CLOSE_BRACKET">)</token>
    <token name="T_PHPDOX_DOT">.</token>
    <token name="T_CONSTANT_ENCAPSED_STRING">'$@'</token>
    <token name="T_PHPDOX_COMMA">,</token>
    <token name="T_WHITESPACE"> </token>
    <token name="T_CONSTANT_ENCAPSED_STRING">''</token>
    <token name="T_PHPDOX_COMMA">,</token>
    <token name="T_WHITESPACE"> </token>
    <token name="T_VARIABLE">$file</token>
    <token name="T_PHPDOX_CLOSE_BRACKET">)</token>
    <token name="T_PHPDOX_CLOSE_BRACKET">)</token>
    <token name="T_PHPDOX_SEMICOLON">;</token>
  </line>
  <line no="110"/>
  <line no="111">
    <token name="T_WHITESPACE">        </token>
    <token name="T_VARIABLE">$testcase</token>
    <token name="T_WHITESPACE"> </token>
    <token name="T_PHPDOX_EQUAL">=</token>
    <token name="T_WHITESPACE"> </token>
    <token name="T_VARIABLE">$dom</token>
    <token name="T_OBJECT_OPERATOR">-&gt;</token>
    <token name="T_STRING">createElement</token>
    <token name="T_PHPDOX_OPEN_BRACKET">(</token>
    <token name="T_CONSTANT_ENCAPSED_STRING">'testcase'</token>
    <token name="T_PHPDOX_CLOSE_BRACKET">)</token>
    <token name="T_PHPDOX_SEMICOLON">;</token>
  </line>
  <line no="112">
    <token name="T_WHITESPACE">        </token>
    <token name="T_VARIABLE">$testcase</token>
    <token name="T_OBJECT_OPERATOR">-&gt;</token>
    <token name="T_STRING">setAttribute</token>
    <token name="T_PHPDOX_OPEN_BRACKET">(</token>
    <token name="T_CONSTANT_ENCAPSED_STRING">'name'</token>
    <token name="T_PHPDOX_COMMA">,</token>
    <token name="T_WHITESPACE"> </token>
    <token name="T_VARIABLE">$testName</token>
    <token name="T_PHPDOX_CLOSE_BRACKET">)</token>
    <token name="T_PHPDOX_SEMICOLON">;</token>
  </line>
  <line no="113">
    <token name="T_WHITESPACE">        </token>
    <token name="T_VARIABLE">$testcase</token>
    <token name="T_OBJECT_OPERATOR">-&gt;</token>
    <token name="T_STRING">setAttribute</token>
    <token name="T_PHPDOX_OPEN_BRACKET">(</token>
    <token name="T_CONSTANT_ENCAPSED_STRING">'file'</token>
    <token name="T_PHPDOX_COMMA">,</token>
    <token name="T_WHITESPACE"> </token>
    <token name="T_VARIABLE">$file</token>
    <token name="T_PHPDOX_CLOSE_BRACKET">)</token>
    <token name="T_PHPDOX_SEMICOLON">;</token>
  </line>
  <line no="114">
    <token name="T_WHITESPACE">        </token>
    <token name="T_VARIABLE">$testcase</token>
    <token name="T_OBJECT_OPERATOR">-&gt;</token>
    <token name="T_STRING">setAttribute</token>
    <token name="T_PHPDOX_OPEN_BRACKET">(</token>
    <token name="T_CONSTANT_ENCAPSED_STRING">'assertions'</token>
    <token name="T_PHPDOX_COMMA">,</token>
    <token name="T_WHITESPACE"> </token>
    <token name="T_STRING_CAST">(string)</token>
    <token name="T_WHITESPACE"> </token>
    <token name="T_VARIABLE">$appliedFixersCount</token>
    <token name="T_PHPDOX_CLOSE_BRACKET">)</token>
    <token name="T_PHPDOX_SEMICOLON">;</token>
  </line>
  <line no="115"/>
  <line no="116">
    <token name="T_WHITESPACE">        </token>
    <token name="T_VARIABLE">$failure</token>
    <token name="T_WHITESPACE"> </token>
    <token name="T_PHPDOX_EQUAL">=</token>
    <token name="T_WHITESPACE"> </token>
    <token name="T_VARIABLE">$dom</token>
    <token name="T_OBJECT_OPERATOR">-&gt;</token>
    <token name="T_STRING">createElement</token>
    <token name="T_PHPDOX_OPEN_BRACKET">(</token>
    <token name="T_CONSTANT_ENCAPSED_STRING">'failure'</token>
    <token name="T_PHPDOX_CLOSE_BRACKET">)</token>
    <token name="T_PHPDOX_SEMICOLON">;</token>
  </line>
  <line no="117">
    <token name="T_WHITESPACE">        </token>
    <token name="T_VARIABLE">$failure</token>
    <token name="T_OBJECT_OPERATOR">-&gt;</token>
    <token name="T_STRING">setAttribute</token>
    <token name="T_PHPDOX_OPEN_BRACKET">(</token>
    <token name="T_CONSTANT_ENCAPSED_STRING">'type'</token>
    <token name="T_PHPDOX_COMMA">,</token>
    <token name="T_WHITESPACE"> </token>
    <token name="T_CONSTANT_ENCAPSED_STRING">'code_style'</token>
    <token name="T_PHPDOX_CLOSE_BRACKET">)</token>
    <token name="T_PHPDOX_SEMICOLON">;</token>
  </line>
  <line no="118">
    <token name="T_WHITESPACE">        </token>
    <token name="T_VARIABLE">$testcase</token>
    <token name="T_OBJECT_OPERATOR">-&gt;</token>
    <token name="T_STRING">appendChild</token>
    <token name="T_PHPDOX_OPEN_BRACKET">(</token>
    <token name="T_VARIABLE">$failure</token>
    <token name="T_PHPDOX_CLOSE_BRACKET">)</token>
    <token name="T_PHPDOX_SEMICOLON">;</token>
  </line>
  <line no="119"/>
  <line no="120">
    <token name="T_WHITESPACE">        </token>
    <token name="T_IF">if</token>
    <token name="T_WHITESPACE"> </token>
    <token name="T_PHPDOX_OPEN_BRACKET">(</token>
    <token name="T_VARIABLE">$shouldAddAppliedFixers</token>
    <token name="T_PHPDOX_CLOSE_BRACKET">)</token>
    <token name="T_WHITESPACE"> </token>
    <token name="T_PHPDOX_OPEN_CURLY">{</token>
  </line>
  <line no="121">
    <token name="T_WHITESPACE">            </token>
    <token name="T_VARIABLE">$failureContent</token>
    <token name="T_WHITESPACE"> </token>
    <token name="T_PHPDOX_EQUAL">=</token>
    <token name="T_WHITESPACE"> </token>
    <token name="T_CONSTANT_ENCAPSED_STRING">"applied fixers:\n---------------\n"</token>
    <token name="T_PHPDOX_SEMICOLON">;</token>
  </line>
  <line no="122"/>
  <line no="123">
    <token name="T_WHITESPACE">            </token>
    <token name="T_FOREACH">foreach</token>
    <token name="T_WHITESPACE"> </token>
    <token name="T_PHPDOX_OPEN_BRACKET">(</token>
    <token name="T_VARIABLE">$fixResult</token>
    <token name="T_PHPDOX_OPEN_SQUARE">[</token>
    <token name="T_CONSTANT_ENCAPSED_STRING">'appliedFixers'</token>
    <token name="T_PHPDOX_CLOSE_SQUARE">]</token>
    <token name="T_WHITESPACE"> </token>
    <token name="T_AS">as</token>
    <token name="T_WHITESPACE"> </token>
    <token name="T_VARIABLE">$appliedFixer</token>
    <token name="T_PHPDOX_CLOSE_BRACKET">)</token>
    <token name="T_WHITESPACE"> </token>
    <token name="T_PHPDOX_OPEN_CURLY">{</token>
  </line>
  <line no="124">
    <token name="T_WHITESPACE">                </token>
    <token name="T_VARIABLE">$failureContent</token>
    <token name="T_WHITESPACE"> </token>
    <token name="T_CONCAT_EQUAL">.=</token>
    <token name="T_WHITESPACE"> </token>
    <token name="T_PHPDOX_DOUBLE_QUOTES">"</token>
    <token name="T_ENCAPSED_AND_WHITESPACE">* </token>
    <token name="T_CURLY_OPEN">{</token>
    <token name="T_VARIABLE">$appliedFixer</token>
    <token name="T_PHPDOX_CLOSE_CURLY">}</token>
    <token name="T_ENCAPSED_AND_WHITESPACE">\n</token>
    <token name="T_PHPDOX_DOUBLE_QUOTES">"</token>
    <token name="T_PHPDOX_SEMICOLON">;</token>
  </line>
  <line no="125">
    <token name="T_WHITESPACE">            </token>
    <token name="T_PHPDOX_CLOSE_CURLY">}</token>
  </line>
  <line no="126">
    <token name="T_WHITESPACE">        </token>
    <token name="T_PHPDOX_CLOSE_CURLY">}</token>
    <token name="T_WHITESPACE"> </token>
    <token name="T_ELSE">else</token>
    <token name="T_WHITESPACE"> </token>
    <token name="T_PHPDOX_OPEN_CURLY">{</token>
  </line>
  <line no="127">
    <token name="T_WHITESPACE">            </token>
    <token name="T_VARIABLE">$failureContent</token>
    <token name="T_WHITESPACE"> </token>
    <token name="T_PHPDOX_EQUAL">=</token>
    <token name="T_WHITESPACE"> </token>
    <token name="T_CONSTANT_ENCAPSED_STRING">"Wrong code style\n"</token>
    <token name="T_PHPDOX_SEMICOLON">;</token>
  </line>
  <line no="128">
    <token name="T_WHITESPACE">        </token>
    <token name="T_PHPDOX_CLOSE_CURLY">}</token>
  </line>
  <line no="129"/>
  <line no="130">
    <token name="T_WHITESPACE">        </token>
    <token name="T_IF">if</token>
    <token name="T_WHITESPACE"> </token>
    <token name="T_PHPDOX_OPEN_BRACKET">(</token>
    <token name="T_PHPDOX_EXCLAMATION_MARK">!</token>
    <token name="T_EMPTY">empty</token>
    <token name="T_PHPDOX_OPEN_BRACKET">(</token>
    <token name="T_VARIABLE">$fixResult</token>
    <token name="T_PHPDOX_OPEN_SQUARE">[</token>
    <token name="T_CONSTANT_ENCAPSED_STRING">'diff'</token>
    <token name="T_PHPDOX_CLOSE_SQUARE">]</token>
    <token name="T_PHPDOX_CLOSE_BRACKET">)</token>
    <token name="T_PHPDOX_CLOSE_BRACKET">)</token>
    <token name="T_WHITESPACE"> </token>
    <token name="T_PHPDOX_OPEN_CURLY">{</token>
  </line>
  <line no="131">
    <token name="T_WHITESPACE">            </token>
    <token name="T_VARIABLE">$failureContent</token>
    <token name="T_WHITESPACE"> </token>
    <token name="T_CONCAT_EQUAL">.=</token>
    <token name="T_WHITESPACE"> </token>
    <token name="T_CONSTANT_ENCAPSED_STRING">"\nDiff:\n---------------\n\n"</token>
    <token name="T_PHPDOX_DOT">.</token>
    <token name="T_VARIABLE">$fixResult</token>
    <token name="T_PHPDOX_OPEN_SQUARE">[</token>
    <token name="T_CONSTANT_ENCAPSED_STRING">'diff'</token>
    <token name="T_PHPDOX_CLOSE_SQUARE">]</token>
    <token name="T_PHPDOX_SEMICOLON">;</token>
  </line>
  <line no="132">
    <token name="T_WHITESPACE">        </token>
    <token name="T_PHPDOX_CLOSE_CURLY">}</token>
  </line>
  <line no="133"/>
  <line no="134">
    <token name="T_WHITESPACE">        </token>
    <token name="T_VARIABLE">$failure</token>
    <token name="T_OBJECT_OPERATOR">-&gt;</token>
    <token name="T_STRING">appendChild</token>
    <token name="T_PHPDOX_OPEN_BRACKET">(</token>
    <token name="T_VARIABLE">$dom</token>
    <token name="T_OBJECT_OPERATOR">-&gt;</token>
    <token name="T_STRING">createCDATASection</token>
    <token name="T_PHPDOX_OPEN_BRACKET">(</token>
    <token name="T_STRING">trim</token>
    <token name="T_PHPDOX_OPEN_BRACKET">(</token>
    <token name="T_VARIABLE">$failureContent</token>
    <token name="T_PHPDOX_CLOSE_BRACKET">)</token>
    <token name="T_PHPDOX_CLOSE_BRACKET">)</token>
    <token name="T_PHPDOX_CLOSE_BRACKET">)</token>
    <token name="T_PHPDOX_SEMICOLON">;</token>
  </line>
  <line no="135"/>
  <line no="136">
    <token name="T_WHITESPACE">        </token>
    <token name="T_RETURN">return</token>
    <token name="T_WHITESPACE"> </token>
    <token name="T_VARIABLE">$testcase</token>
    <token name="T_PHPDOX_SEMICOLON">;</token>
  </line>
  <line no="137">
    <token name="T_WHITESPACE">    </token>
    <token name="T_PHPDOX_CLOSE_CURLY">}</token>
  </line>
  <line no="138">
    <token name="T_PHPDOX_CLOSE_CURLY">}</token>
  </line>
  <line no="139"/>
</source>
