<?xml version="1.0"?>
<source xmlns="http://xml.phpdox.net/token">
  <file xmlns="http://xml.phpdox.net/src" path="//var/www/html/vendor/squizlabs/php_codesniffer/src/Reports" file="Junit.php" realpath="/var/www/html/vendor/squizlabs/php_codesniffer/src/Reports/Junit.php" size="4776" time="2021-12-12T21:44:58+00:00" unixtime="1639345498" sha1="29052b0ec5beaea20ee64744f2054ba5e36d565d" relative="ar/www/html/vendor/squizlabs/php_codesniffer/src/Reports/Junit.php"/>
  <line no="1">
    <token name="T_OPEN_TAG">&lt;?php</token>
  </line>
  <line no="2">
    <token name="T_DOC_COMMENT">/**</token>
  </line>
  <line no="3">
    <token name="T_DOC_COMMENT"> * JUnit report for PHP_CodeSniffer.</token>
  </line>
  <line no="4">
    <token name="T_DOC_COMMENT"> *</token>
  </line>
  <line no="5">
    <token name="T_DOC_COMMENT"> * @author    Oleg Lobach &lt;oleg@lobach.info&gt;</token>
  </line>
  <line no="6">
    <token name="T_DOC_COMMENT"> * @author    Greg Sherwood &lt;gsherwood@squiz.net&gt;</token>
  </line>
  <line no="7">
    <token name="T_DOC_COMMENT"> * @copyright 2006-2015 Squiz Pty Ltd (ABN 77 084 670 600)</token>
  </line>
  <line no="8">
    <token name="T_DOC_COMMENT"> * @license   https://github.com/squizlabs/PHP_CodeSniffer/blob/master/licence.txt BSD Licence</token>
  </line>
  <line no="9">
    <token name="T_DOC_COMMENT"> */</token>
  </line>
  <line no="10"/>
  <line no="11">
    <token name="T_NAMESPACE">namespace</token>
    <token name="T_WHITESPACE"> </token>
    <token name="T_STRING">PHP_CodeSniffer</token>
    <token name="T_NS_SEPARATOR">\</token>
    <token name="T_STRING">Reports</token>
    <token name="T_PHPDOX_SEMICOLON">;</token>
  </line>
  <line no="12"/>
  <line no="13">
    <token name="T_USE">use</token>
    <token name="T_WHITESPACE"> </token>
    <token name="T_STRING">PHP_CodeSniffer</token>
    <token name="T_NS_SEPARATOR">\</token>
    <token name="T_STRING">Config</token>
    <token name="T_PHPDOX_SEMICOLON">;</token>
  </line>
  <line no="14">
    <token name="T_USE">use</token>
    <token name="T_WHITESPACE"> </token>
    <token name="T_STRING">PHP_CodeSniffer</token>
    <token name="T_NS_SEPARATOR">\</token>
    <token name="T_STRING">Files</token>
    <token name="T_NS_SEPARATOR">\</token>
    <token name="T_STRING">File</token>
    <token name="T_PHPDOX_SEMICOLON">;</token>
  </line>
  <line no="15"/>
  <line no="16">
    <token name="T_CLASS">class</token>
    <token name="T_WHITESPACE"> </token>
    <token name="T_STRING">Junit</token>
    <token name="T_WHITESPACE"> </token>
    <token name="T_IMPLEMENTS">implements</token>
    <token name="T_WHITESPACE"> </token>
    <token name="T_STRING">Report</token>
  </line>
  <line no="17">
    <token name="T_PHPDOX_OPEN_CURLY">{</token>
  </line>
  <line no="18"/>
  <line no="19"/>
  <line no="20">
    <token name="T_WHITESPACE">    </token>
    <token name="T_DOC_COMMENT">/**</token>
  </line>
  <line no="21">
    <token name="T_DOC_COMMENT">     * Generate a partial report for a single processed file.</token>
  </line>
  <line no="22">
    <token name="T_DOC_COMMENT">     *</token>
  </line>
  <line no="23">
    <token name="T_DOC_COMMENT">     * Function should return TRUE if it printed or stored data about the file</token>
  </line>
  <line no="24">
    <token name="T_DOC_COMMENT">     * and FALSE if it ignored the file. Returning TRUE indicates that the file and</token>
  </line>
  <line no="25">
    <token name="T_DOC_COMMENT">     * its data should be counted in the grand totals.</token>
  </line>
  <line no="26">
    <token name="T_DOC_COMMENT">     *</token>
  </line>
  <line no="27">
    <token name="T_DOC_COMMENT">     * @param array                 $report      Prepared report data.</token>
  </line>
  <line no="28">
    <token name="T_DOC_COMMENT">     * @param \PHP_CodeSniffer\File $phpcsFile   The file being reported on.</token>
  </line>
  <line no="29">
    <token name="T_DOC_COMMENT">     * @param bool                  $showSources Show sources?</token>
  </line>
  <line no="30">
    <token name="T_DOC_COMMENT">     * @param int                   $width       Maximum allowed line width.</token>
  </line>
  <line no="31">
    <token name="T_DOC_COMMENT">     *</token>
  </line>
  <line no="32">
    <token name="T_DOC_COMMENT">     * @return bool</token>
  </line>
  <line no="33">
    <token name="T_DOC_COMMENT">     */</token>
  </line>
  <line no="34">
    <token name="T_WHITESPACE">    </token>
    <token name="T_PUBLIC">public</token>
    <token name="T_WHITESPACE"> </token>
    <token name="T_FUNCTION">function</token>
    <token name="T_WHITESPACE"> </token>
    <token name="T_STRING">generateFileReport</token>
    <token name="T_PHPDOX_OPEN_BRACKET">(</token>
    <token name="T_VARIABLE">$report</token>
    <token name="T_PHPDOX_COMMA">,</token>
    <token name="T_WHITESPACE"> </token>
    <token name="T_STRING">File</token>
    <token name="T_WHITESPACE"> </token>
    <token name="T_VARIABLE">$phpcsFile</token>
    <token name="T_PHPDOX_COMMA">,</token>
    <token name="T_WHITESPACE"> </token>
    <token name="T_VARIABLE">$showSources</token>
    <token name="T_PHPDOX_EQUAL">=</token>
    <token name="T_STRING">false</token>
    <token name="T_PHPDOX_COMMA">,</token>
    <token name="T_WHITESPACE"> </token>
    <token name="T_VARIABLE">$width</token>
    <token name="T_PHPDOX_EQUAL">=</token>
    <token name="T_LNUMBER">80</token>
    <token name="T_PHPDOX_CLOSE_BRACKET">)</token>
  </line>
  <line no="35">
    <token name="T_WHITESPACE">    </token>
    <token name="T_PHPDOX_OPEN_CURLY">{</token>
  </line>
  <line no="36">
    <token name="T_WHITESPACE">        </token>
    <token name="T_VARIABLE">$out</token>
    <token name="T_WHITESPACE"> </token>
    <token name="T_PHPDOX_EQUAL">=</token>
    <token name="T_WHITESPACE"> </token>
    <token name="T_NEW">new</token>
    <token name="T_WHITESPACE"> </token>
    <token name="T_NS_SEPARATOR">\</token>
    <token name="T_STRING">XMLWriter</token>
    <token name="T_PHPDOX_SEMICOLON">;</token>
  </line>
  <line no="37">
    <token name="T_WHITESPACE">        </token>
    <token name="T_VARIABLE">$out</token>
    <token name="T_OBJECT_OPERATOR">-&gt;</token>
    <token name="T_STRING">openMemory</token>
    <token name="T_PHPDOX_OPEN_BRACKET">(</token>
    <token name="T_PHPDOX_CLOSE_BRACKET">)</token>
    <token name="T_PHPDOX_SEMICOLON">;</token>
  </line>
  <line no="38">
    <token name="T_WHITESPACE">        </token>
    <token name="T_VARIABLE">$out</token>
    <token name="T_OBJECT_OPERATOR">-&gt;</token>
    <token name="T_STRING">setIndent</token>
    <token name="T_PHPDOX_OPEN_BRACKET">(</token>
    <token name="T_STRING">true</token>
    <token name="T_PHPDOX_CLOSE_BRACKET">)</token>
    <token name="T_PHPDOX_SEMICOLON">;</token>
  </line>
  <line no="39"/>
  <line no="40">
    <token name="T_WHITESPACE">        </token>
    <token name="T_VARIABLE">$out</token>
    <token name="T_OBJECT_OPERATOR">-&gt;</token>
    <token name="T_STRING">startElement</token>
    <token name="T_PHPDOX_OPEN_BRACKET">(</token>
    <token name="T_CONSTANT_ENCAPSED_STRING">'testsuite'</token>
    <token name="T_PHPDOX_CLOSE_BRACKET">)</token>
    <token name="T_PHPDOX_SEMICOLON">;</token>
  </line>
  <line no="41">
    <token name="T_WHITESPACE">        </token>
    <token name="T_VARIABLE">$out</token>
    <token name="T_OBJECT_OPERATOR">-&gt;</token>
    <token name="T_STRING">writeAttribute</token>
    <token name="T_PHPDOX_OPEN_BRACKET">(</token>
    <token name="T_CONSTANT_ENCAPSED_STRING">'name'</token>
    <token name="T_PHPDOX_COMMA">,</token>
    <token name="T_WHITESPACE"> </token>
    <token name="T_VARIABLE">$report</token>
    <token name="T_PHPDOX_OPEN_SQUARE">[</token>
    <token name="T_CONSTANT_ENCAPSED_STRING">'filename'</token>
    <token name="T_PHPDOX_CLOSE_SQUARE">]</token>
    <token name="T_PHPDOX_CLOSE_BRACKET">)</token>
    <token name="T_PHPDOX_SEMICOLON">;</token>
  </line>
  <line no="42">
    <token name="T_WHITESPACE">        </token>
    <token name="T_VARIABLE">$out</token>
    <token name="T_OBJECT_OPERATOR">-&gt;</token>
    <token name="T_STRING">writeAttribute</token>
    <token name="T_PHPDOX_OPEN_BRACKET">(</token>
    <token name="T_CONSTANT_ENCAPSED_STRING">'errors'</token>
    <token name="T_PHPDOX_COMMA">,</token>
    <token name="T_WHITESPACE"> </token>
    <token name="T_LNUMBER">0</token>
    <token name="T_PHPDOX_CLOSE_BRACKET">)</token>
    <token name="T_PHPDOX_SEMICOLON">;</token>
  </line>
  <line no="43"/>
  <line no="44">
    <token name="T_WHITESPACE">        </token>
    <token name="T_IF">if</token>
    <token name="T_WHITESPACE"> </token>
    <token name="T_PHPDOX_OPEN_BRACKET">(</token>
    <token name="T_STRING">count</token>
    <token name="T_PHPDOX_OPEN_BRACKET">(</token>
    <token name="T_VARIABLE">$report</token>
    <token name="T_PHPDOX_OPEN_SQUARE">[</token>
    <token name="T_CONSTANT_ENCAPSED_STRING">'messages'</token>
    <token name="T_PHPDOX_CLOSE_SQUARE">]</token>
    <token name="T_PHPDOX_CLOSE_BRACKET">)</token>
    <token name="T_WHITESPACE"> </token>
    <token name="T_IS_IDENTICAL">===</token>
    <token name="T_WHITESPACE"> </token>
    <token name="T_LNUMBER">0</token>
    <token name="T_PHPDOX_CLOSE_BRACKET">)</token>
    <token name="T_WHITESPACE"> </token>
    <token name="T_PHPDOX_OPEN_CURLY">{</token>
  </line>
  <line no="45">
    <token name="T_WHITESPACE">            </token>
    <token name="T_VARIABLE">$out</token>
    <token name="T_OBJECT_OPERATOR">-&gt;</token>
    <token name="T_STRING">writeAttribute</token>
    <token name="T_PHPDOX_OPEN_BRACKET">(</token>
    <token name="T_CONSTANT_ENCAPSED_STRING">'tests'</token>
    <token name="T_PHPDOX_COMMA">,</token>
    <token name="T_WHITESPACE"> </token>
    <token name="T_LNUMBER">1</token>
    <token name="T_PHPDOX_CLOSE_BRACKET">)</token>
    <token name="T_PHPDOX_SEMICOLON">;</token>
  </line>
  <line no="46">
    <token name="T_WHITESPACE">            </token>
    <token name="T_VARIABLE">$out</token>
    <token name="T_OBJECT_OPERATOR">-&gt;</token>
    <token name="T_STRING">writeAttribute</token>
    <token name="T_PHPDOX_OPEN_BRACKET">(</token>
    <token name="T_CONSTANT_ENCAPSED_STRING">'failures'</token>
    <token name="T_PHPDOX_COMMA">,</token>
    <token name="T_WHITESPACE"> </token>
    <token name="T_LNUMBER">0</token>
    <token name="T_PHPDOX_CLOSE_BRACKET">)</token>
    <token name="T_PHPDOX_SEMICOLON">;</token>
  </line>
  <line no="47"/>
  <line no="48">
    <token name="T_WHITESPACE">            </token>
    <token name="T_VARIABLE">$out</token>
    <token name="T_OBJECT_OPERATOR">-&gt;</token>
    <token name="T_STRING">startElement</token>
    <token name="T_PHPDOX_OPEN_BRACKET">(</token>
    <token name="T_CONSTANT_ENCAPSED_STRING">'testcase'</token>
    <token name="T_PHPDOX_CLOSE_BRACKET">)</token>
    <token name="T_PHPDOX_SEMICOLON">;</token>
  </line>
  <line no="49">
    <token name="T_WHITESPACE">            </token>
    <token name="T_VARIABLE">$out</token>
    <token name="T_OBJECT_OPERATOR">-&gt;</token>
    <token name="T_STRING">writeAttribute</token>
    <token name="T_PHPDOX_OPEN_BRACKET">(</token>
    <token name="T_CONSTANT_ENCAPSED_STRING">'name'</token>
    <token name="T_PHPDOX_COMMA">,</token>
    <token name="T_WHITESPACE"> </token>
    <token name="T_VARIABLE">$report</token>
    <token name="T_PHPDOX_OPEN_SQUARE">[</token>
    <token name="T_CONSTANT_ENCAPSED_STRING">'filename'</token>
    <token name="T_PHPDOX_CLOSE_SQUARE">]</token>
    <token name="T_PHPDOX_CLOSE_BRACKET">)</token>
    <token name="T_PHPDOX_SEMICOLON">;</token>
  </line>
  <line no="50">
    <token name="T_WHITESPACE">            </token>
    <token name="T_VARIABLE">$out</token>
    <token name="T_OBJECT_OPERATOR">-&gt;</token>
    <token name="T_STRING">endElement</token>
    <token name="T_PHPDOX_OPEN_BRACKET">(</token>
    <token name="T_PHPDOX_CLOSE_BRACKET">)</token>
    <token name="T_PHPDOX_SEMICOLON">;</token>
  </line>
  <line no="51">
    <token name="T_WHITESPACE">        </token>
    <token name="T_PHPDOX_CLOSE_CURLY">}</token>
    <token name="T_WHITESPACE"> </token>
    <token name="T_ELSE">else</token>
    <token name="T_WHITESPACE"> </token>
    <token name="T_PHPDOX_OPEN_CURLY">{</token>
  </line>
  <line no="52">
    <token name="T_WHITESPACE">            </token>
    <token name="T_VARIABLE">$failures</token>
    <token name="T_WHITESPACE"> </token>
    <token name="T_PHPDOX_EQUAL">=</token>
    <token name="T_WHITESPACE"> </token>
    <token name="T_PHPDOX_OPEN_BRACKET">(</token>
    <token name="T_VARIABLE">$report</token>
    <token name="T_PHPDOX_OPEN_SQUARE">[</token>
    <token name="T_CONSTANT_ENCAPSED_STRING">'errors'</token>
    <token name="T_PHPDOX_CLOSE_SQUARE">]</token>
    <token name="T_WHITESPACE"> </token>
    <token name="T_PHPDOX_PLUS">+</token>
    <token name="T_WHITESPACE"> </token>
    <token name="T_VARIABLE">$report</token>
    <token name="T_PHPDOX_OPEN_SQUARE">[</token>
    <token name="T_CONSTANT_ENCAPSED_STRING">'warnings'</token>
    <token name="T_PHPDOX_CLOSE_SQUARE">]</token>
    <token name="T_PHPDOX_CLOSE_BRACKET">)</token>
    <token name="T_PHPDOX_SEMICOLON">;</token>
  </line>
  <line no="53">
    <token name="T_WHITESPACE">            </token>
    <token name="T_VARIABLE">$out</token>
    <token name="T_OBJECT_OPERATOR">-&gt;</token>
    <token name="T_STRING">writeAttribute</token>
    <token name="T_PHPDOX_OPEN_BRACKET">(</token>
    <token name="T_CONSTANT_ENCAPSED_STRING">'tests'</token>
    <token name="T_PHPDOX_COMMA">,</token>
    <token name="T_WHITESPACE"> </token>
    <token name="T_VARIABLE">$failures</token>
    <token name="T_PHPDOX_CLOSE_BRACKET">)</token>
    <token name="T_PHPDOX_SEMICOLON">;</token>
  </line>
  <line no="54">
    <token name="T_WHITESPACE">            </token>
    <token name="T_VARIABLE">$out</token>
    <token name="T_OBJECT_OPERATOR">-&gt;</token>
    <token name="T_STRING">writeAttribute</token>
    <token name="T_PHPDOX_OPEN_BRACKET">(</token>
    <token name="T_CONSTANT_ENCAPSED_STRING">'failures'</token>
    <token name="T_PHPDOX_COMMA">,</token>
    <token name="T_WHITESPACE"> </token>
    <token name="T_VARIABLE">$failures</token>
    <token name="T_PHPDOX_CLOSE_BRACKET">)</token>
    <token name="T_PHPDOX_SEMICOLON">;</token>
  </line>
  <line no="55"/>
  <line no="56">
    <token name="T_WHITESPACE">            </token>
    <token name="T_FOREACH">foreach</token>
    <token name="T_WHITESPACE"> </token>
    <token name="T_PHPDOX_OPEN_BRACKET">(</token>
    <token name="T_VARIABLE">$report</token>
    <token name="T_PHPDOX_OPEN_SQUARE">[</token>
    <token name="T_CONSTANT_ENCAPSED_STRING">'messages'</token>
    <token name="T_PHPDOX_CLOSE_SQUARE">]</token>
    <token name="T_WHITESPACE"> </token>
    <token name="T_AS">as</token>
    <token name="T_WHITESPACE"> </token>
    <token name="T_VARIABLE">$line</token>
    <token name="T_WHITESPACE"> </token>
    <token name="T_DOUBLE_ARROW">=&gt;</token>
    <token name="T_WHITESPACE"> </token>
    <token name="T_VARIABLE">$lineErrors</token>
    <token name="T_PHPDOX_CLOSE_BRACKET">)</token>
    <token name="T_WHITESPACE"> </token>
    <token name="T_PHPDOX_OPEN_CURLY">{</token>
  </line>
  <line no="57">
    <token name="T_WHITESPACE">                </token>
    <token name="T_FOREACH">foreach</token>
    <token name="T_WHITESPACE"> </token>
    <token name="T_PHPDOX_OPEN_BRACKET">(</token>
    <token name="T_VARIABLE">$lineErrors</token>
    <token name="T_WHITESPACE"> </token>
    <token name="T_AS">as</token>
    <token name="T_WHITESPACE"> </token>
    <token name="T_VARIABLE">$column</token>
    <token name="T_WHITESPACE"> </token>
    <token name="T_DOUBLE_ARROW">=&gt;</token>
    <token name="T_WHITESPACE"> </token>
    <token name="T_VARIABLE">$colErrors</token>
    <token name="T_PHPDOX_CLOSE_BRACKET">)</token>
    <token name="T_WHITESPACE"> </token>
    <token name="T_PHPDOX_OPEN_CURLY">{</token>
  </line>
  <line no="58">
    <token name="T_WHITESPACE">                    </token>
    <token name="T_FOREACH">foreach</token>
    <token name="T_WHITESPACE"> </token>
    <token name="T_PHPDOX_OPEN_BRACKET">(</token>
    <token name="T_VARIABLE">$colErrors</token>
    <token name="T_WHITESPACE"> </token>
    <token name="T_AS">as</token>
    <token name="T_WHITESPACE"> </token>
    <token name="T_VARIABLE">$error</token>
    <token name="T_PHPDOX_CLOSE_BRACKET">)</token>
    <token name="T_WHITESPACE"> </token>
    <token name="T_PHPDOX_OPEN_CURLY">{</token>
  </line>
  <line no="59">
    <token name="T_WHITESPACE">                        </token>
    <token name="T_VARIABLE">$out</token>
    <token name="T_OBJECT_OPERATOR">-&gt;</token>
    <token name="T_STRING">startElement</token>
    <token name="T_PHPDOX_OPEN_BRACKET">(</token>
    <token name="T_CONSTANT_ENCAPSED_STRING">'testcase'</token>
    <token name="T_PHPDOX_CLOSE_BRACKET">)</token>
    <token name="T_PHPDOX_SEMICOLON">;</token>
  </line>
  <line no="60">
    <token name="T_WHITESPACE">                        </token>
    <token name="T_VARIABLE">$out</token>
    <token name="T_OBJECT_OPERATOR">-&gt;</token>
    <token name="T_STRING">writeAttribute</token>
    <token name="T_PHPDOX_OPEN_BRACKET">(</token>
    <token name="T_CONSTANT_ENCAPSED_STRING">'name'</token>
    <token name="T_PHPDOX_COMMA">,</token>
    <token name="T_WHITESPACE"> </token>
    <token name="T_VARIABLE">$error</token>
    <token name="T_PHPDOX_OPEN_SQUARE">[</token>
    <token name="T_CONSTANT_ENCAPSED_STRING">'source'</token>
    <token name="T_PHPDOX_CLOSE_SQUARE">]</token>
    <token name="T_PHPDOX_DOT">.</token>
    <token name="T_CONSTANT_ENCAPSED_STRING">' at '</token>
    <token name="T_PHPDOX_DOT">.</token>
    <token name="T_VARIABLE">$report</token>
    <token name="T_PHPDOX_OPEN_SQUARE">[</token>
    <token name="T_CONSTANT_ENCAPSED_STRING">'filename'</token>
    <token name="T_PHPDOX_CLOSE_SQUARE">]</token>
    <token name="T_PHPDOX_DOT">.</token>
    <token name="T_PHPDOX_DOUBLE_QUOTES">"</token>
    <token name="T_ENCAPSED_AND_WHITESPACE"> (</token>
    <token name="T_VARIABLE">$line</token>
    <token name="T_ENCAPSED_AND_WHITESPACE">:</token>
    <token name="T_VARIABLE">$column</token>
    <token name="T_ENCAPSED_AND_WHITESPACE">)</token>
    <token name="T_PHPDOX_DOUBLE_QUOTES">"</token>
    <token name="T_PHPDOX_CLOSE_BRACKET">)</token>
    <token name="T_PHPDOX_SEMICOLON">;</token>
  </line>
  <line no="61"/>
  <line no="62">
    <token name="T_WHITESPACE">                        </token>
    <token name="T_VARIABLE">$error</token>
    <token name="T_PHPDOX_OPEN_SQUARE">[</token>
    <token name="T_CONSTANT_ENCAPSED_STRING">'type'</token>
    <token name="T_PHPDOX_CLOSE_SQUARE">]</token>
    <token name="T_WHITESPACE"> </token>
    <token name="T_PHPDOX_EQUAL">=</token>
    <token name="T_WHITESPACE"> </token>
    <token name="T_STRING">strtolower</token>
    <token name="T_PHPDOX_OPEN_BRACKET">(</token>
    <token name="T_VARIABLE">$error</token>
    <token name="T_PHPDOX_OPEN_SQUARE">[</token>
    <token name="T_CONSTANT_ENCAPSED_STRING">'type'</token>
    <token name="T_PHPDOX_CLOSE_SQUARE">]</token>
    <token name="T_PHPDOX_CLOSE_BRACKET">)</token>
    <token name="T_PHPDOX_SEMICOLON">;</token>
  </line>
  <line no="63">
    <token name="T_WHITESPACE">                        </token>
    <token name="T_IF">if</token>
    <token name="T_WHITESPACE"> </token>
    <token name="T_PHPDOX_OPEN_BRACKET">(</token>
    <token name="T_VARIABLE">$phpcsFile</token>
    <token name="T_OBJECT_OPERATOR">-&gt;</token>
    <token name="T_STRING">config</token>
    <token name="T_OBJECT_OPERATOR">-&gt;</token>
    <token name="T_STRING">encoding</token>
    <token name="T_WHITESPACE"> </token>
    <token name="T_IS_NOT_IDENTICAL">!==</token>
    <token name="T_WHITESPACE"> </token>
    <token name="T_CONSTANT_ENCAPSED_STRING">'utf-8'</token>
    <token name="T_PHPDOX_CLOSE_BRACKET">)</token>
    <token name="T_WHITESPACE"> </token>
    <token name="T_PHPDOX_OPEN_CURLY">{</token>
  </line>
  <line no="64">
    <token name="T_WHITESPACE">                            </token>
    <token name="T_VARIABLE">$error</token>
    <token name="T_PHPDOX_OPEN_SQUARE">[</token>
    <token name="T_CONSTANT_ENCAPSED_STRING">'message'</token>
    <token name="T_PHPDOX_CLOSE_SQUARE">]</token>
    <token name="T_WHITESPACE"> </token>
    <token name="T_PHPDOX_EQUAL">=</token>
    <token name="T_WHITESPACE"> </token>
    <token name="T_STRING">iconv</token>
    <token name="T_PHPDOX_OPEN_BRACKET">(</token>
    <token name="T_VARIABLE">$phpcsFile</token>
    <token name="T_OBJECT_OPERATOR">-&gt;</token>
    <token name="T_STRING">config</token>
    <token name="T_OBJECT_OPERATOR">-&gt;</token>
    <token name="T_STRING">encoding</token>
    <token name="T_PHPDOX_COMMA">,</token>
    <token name="T_WHITESPACE"> </token>
    <token name="T_CONSTANT_ENCAPSED_STRING">'utf-8'</token>
    <token name="T_PHPDOX_COMMA">,</token>
    <token name="T_WHITESPACE"> </token>
    <token name="T_VARIABLE">$error</token>
    <token name="T_PHPDOX_OPEN_SQUARE">[</token>
    <token name="T_CONSTANT_ENCAPSED_STRING">'message'</token>
    <token name="T_PHPDOX_CLOSE_SQUARE">]</token>
    <token name="T_PHPDOX_CLOSE_BRACKET">)</token>
    <token name="T_PHPDOX_SEMICOLON">;</token>
  </line>
  <line no="65">
    <token name="T_WHITESPACE">                        </token>
    <token name="T_PHPDOX_CLOSE_CURLY">}</token>
  </line>
  <line no="66"/>
  <line no="67">
    <token name="T_WHITESPACE">                        </token>
    <token name="T_VARIABLE">$out</token>
    <token name="T_OBJECT_OPERATOR">-&gt;</token>
    <token name="T_STRING">startElement</token>
    <token name="T_PHPDOX_OPEN_BRACKET">(</token>
    <token name="T_CONSTANT_ENCAPSED_STRING">'failure'</token>
    <token name="T_PHPDOX_CLOSE_BRACKET">)</token>
    <token name="T_PHPDOX_SEMICOLON">;</token>
  </line>
  <line no="68">
    <token name="T_WHITESPACE">                        </token>
    <token name="T_VARIABLE">$out</token>
    <token name="T_OBJECT_OPERATOR">-&gt;</token>
    <token name="T_STRING">writeAttribute</token>
    <token name="T_PHPDOX_OPEN_BRACKET">(</token>
    <token name="T_CONSTANT_ENCAPSED_STRING">'type'</token>
    <token name="T_PHPDOX_COMMA">,</token>
    <token name="T_WHITESPACE"> </token>
    <token name="T_VARIABLE">$error</token>
    <token name="T_PHPDOX_OPEN_SQUARE">[</token>
    <token name="T_CONSTANT_ENCAPSED_STRING">'type'</token>
    <token name="T_PHPDOX_CLOSE_SQUARE">]</token>
    <token name="T_PHPDOX_CLOSE_BRACKET">)</token>
    <token name="T_PHPDOX_SEMICOLON">;</token>
  </line>
  <line no="69">
    <token name="T_WHITESPACE">                        </token>
    <token name="T_VARIABLE">$out</token>
    <token name="T_OBJECT_OPERATOR">-&gt;</token>
    <token name="T_STRING">writeAttribute</token>
    <token name="T_PHPDOX_OPEN_BRACKET">(</token>
    <token name="T_CONSTANT_ENCAPSED_STRING">'message'</token>
    <token name="T_PHPDOX_COMMA">,</token>
    <token name="T_WHITESPACE"> </token>
    <token name="T_VARIABLE">$error</token>
    <token name="T_PHPDOX_OPEN_SQUARE">[</token>
    <token name="T_CONSTANT_ENCAPSED_STRING">'message'</token>
    <token name="T_PHPDOX_CLOSE_SQUARE">]</token>
    <token name="T_PHPDOX_CLOSE_BRACKET">)</token>
    <token name="T_PHPDOX_SEMICOLON">;</token>
  </line>
  <line no="70">
    <token name="T_WHITESPACE">                        </token>
    <token name="T_VARIABLE">$out</token>
    <token name="T_OBJECT_OPERATOR">-&gt;</token>
    <token name="T_STRING">endElement</token>
    <token name="T_PHPDOX_OPEN_BRACKET">(</token>
    <token name="T_PHPDOX_CLOSE_BRACKET">)</token>
    <token name="T_PHPDOX_SEMICOLON">;</token>
  </line>
  <line no="71"/>
  <line no="72">
    <token name="T_WHITESPACE">                        </token>
    <token name="T_VARIABLE">$out</token>
    <token name="T_OBJECT_OPERATOR">-&gt;</token>
    <token name="T_STRING">endElement</token>
    <token name="T_PHPDOX_OPEN_BRACKET">(</token>
    <token name="T_PHPDOX_CLOSE_BRACKET">)</token>
    <token name="T_PHPDOX_SEMICOLON">;</token>
  </line>
  <line no="73">
    <token name="T_WHITESPACE">                    </token>
    <token name="T_PHPDOX_CLOSE_CURLY">}</token>
  </line>
  <line no="74">
    <token name="T_WHITESPACE">                </token>
    <token name="T_PHPDOX_CLOSE_CURLY">}</token>
  </line>
  <line no="75">
    <token name="T_WHITESPACE">            </token>
    <token name="T_PHPDOX_CLOSE_CURLY">}</token>
  </line>
  <line no="76">
    <token name="T_WHITESPACE">        </token>
    <token name="T_PHPDOX_CLOSE_CURLY">}</token>
    <token name="T_COMMENT">//end if</token>
  </line>
  <line no="77"/>
  <line no="78">
    <token name="T_WHITESPACE">        </token>
    <token name="T_VARIABLE">$out</token>
    <token name="T_OBJECT_OPERATOR">-&gt;</token>
    <token name="T_STRING">endElement</token>
    <token name="T_PHPDOX_OPEN_BRACKET">(</token>
    <token name="T_PHPDOX_CLOSE_BRACKET">)</token>
    <token name="T_PHPDOX_SEMICOLON">;</token>
  </line>
  <line no="79">
    <token name="T_WHITESPACE">        </token>
    <token name="T_ECHO">echo</token>
    <token name="T_WHITESPACE"> </token>
    <token name="T_VARIABLE">$out</token>
    <token name="T_OBJECT_OPERATOR">-&gt;</token>
    <token name="T_STRING">flush</token>
    <token name="T_PHPDOX_OPEN_BRACKET">(</token>
    <token name="T_PHPDOX_CLOSE_BRACKET">)</token>
    <token name="T_PHPDOX_SEMICOLON">;</token>
  </line>
  <line no="80">
    <token name="T_WHITESPACE">        </token>
    <token name="T_RETURN">return</token>
    <token name="T_WHITESPACE"> </token>
    <token name="T_STRING">true</token>
    <token name="T_PHPDOX_SEMICOLON">;</token>
  </line>
  <line no="81"/>
  <line no="82">
    <token name="T_WHITESPACE">    </token>
    <token name="T_PHPDOX_CLOSE_CURLY">}</token>
    <token name="T_COMMENT">//end generateFileReport()</token>
  </line>
  <line no="83"/>
  <line no="84"/>
  <line no="85">
    <token name="T_WHITESPACE">    </token>
    <token name="T_DOC_COMMENT">/**</token>
  </line>
  <line no="86">
    <token name="T_DOC_COMMENT">     * Prints all violations for processed files, in a proprietary XML format.</token>
  </line>
  <line no="87">
    <token name="T_DOC_COMMENT">     *</token>
  </line>
  <line no="88">
    <token name="T_DOC_COMMENT">     * @param string $cachedData    Any partial report data that was returned from</token>
  </line>
  <line no="89">
    <token name="T_DOC_COMMENT">     *                              generateFileReport during the run.</token>
  </line>
  <line no="90">
    <token name="T_DOC_COMMENT">     * @param int    $totalFiles    Total number of files processed during the run.</token>
  </line>
  <line no="91">
    <token name="T_DOC_COMMENT">     * @param int    $totalErrors   Total number of errors found during the run.</token>
  </line>
  <line no="92">
    <token name="T_DOC_COMMENT">     * @param int    $totalWarnings Total number of warnings found during the run.</token>
  </line>
  <line no="93">
    <token name="T_DOC_COMMENT">     * @param int    $totalFixable  Total number of problems that can be fixed.</token>
  </line>
  <line no="94">
    <token name="T_DOC_COMMENT">     * @param bool   $showSources   Show sources?</token>
  </line>
  <line no="95">
    <token name="T_DOC_COMMENT">     * @param int    $width         Maximum allowed line width.</token>
  </line>
  <line no="96">
    <token name="T_DOC_COMMENT">     * @param bool   $interactive   Are we running in interactive mode?</token>
  </line>
  <line no="97">
    <token name="T_DOC_COMMENT">     * @param bool   $toScreen      Is the report being printed to screen?</token>
  </line>
  <line no="98">
    <token name="T_DOC_COMMENT">     *</token>
  </line>
  <line no="99">
    <token name="T_DOC_COMMENT">     * @return void</token>
  </line>
  <line no="100">
    <token name="T_DOC_COMMENT">     */</token>
  </line>
  <line no="101">
    <token name="T_WHITESPACE">    </token>
    <token name="T_PUBLIC">public</token>
    <token name="T_WHITESPACE"> </token>
    <token name="T_FUNCTION">function</token>
    <token name="T_WHITESPACE"> </token>
    <token name="T_STRING">generate</token>
    <token name="T_PHPDOX_OPEN_BRACKET">(</token>
  </line>
  <line no="102">
    <token name="T_WHITESPACE">        </token>
    <token name="T_VARIABLE">$cachedData</token>
    <token name="T_PHPDOX_COMMA">,</token>
  </line>
  <line no="103">
    <token name="T_WHITESPACE">        </token>
    <token name="T_VARIABLE">$totalFiles</token>
    <token name="T_PHPDOX_COMMA">,</token>
  </line>
  <line no="104">
    <token name="T_WHITESPACE">        </token>
    <token name="T_VARIABLE">$totalErrors</token>
    <token name="T_PHPDOX_COMMA">,</token>
  </line>
  <line no="105">
    <token name="T_WHITESPACE">        </token>
    <token name="T_VARIABLE">$totalWarnings</token>
    <token name="T_PHPDOX_COMMA">,</token>
  </line>
  <line no="106">
    <token name="T_WHITESPACE">        </token>
    <token name="T_VARIABLE">$totalFixable</token>
    <token name="T_PHPDOX_COMMA">,</token>
  </line>
  <line no="107">
    <token name="T_WHITESPACE">        </token>
    <token name="T_VARIABLE">$showSources</token>
    <token name="T_PHPDOX_EQUAL">=</token>
    <token name="T_STRING">false</token>
    <token name="T_PHPDOX_COMMA">,</token>
  </line>
  <line no="108">
    <token name="T_WHITESPACE">        </token>
    <token name="T_VARIABLE">$width</token>
    <token name="T_PHPDOX_EQUAL">=</token>
    <token name="T_LNUMBER">80</token>
    <token name="T_PHPDOX_COMMA">,</token>
  </line>
  <line no="109">
    <token name="T_WHITESPACE">        </token>
    <token name="T_VARIABLE">$interactive</token>
    <token name="T_PHPDOX_EQUAL">=</token>
    <token name="T_STRING">false</token>
    <token name="T_PHPDOX_COMMA">,</token>
  </line>
  <line no="110">
    <token name="T_WHITESPACE">        </token>
    <token name="T_VARIABLE">$toScreen</token>
    <token name="T_PHPDOX_EQUAL">=</token>
    <token name="T_STRING">true</token>
  </line>
  <line no="111">
    <token name="T_WHITESPACE">    </token>
    <token name="T_PHPDOX_CLOSE_BRACKET">)</token>
    <token name="T_WHITESPACE"> </token>
    <token name="T_PHPDOX_OPEN_CURLY">{</token>
  </line>
  <line no="112">
    <token name="T_WHITESPACE">        </token>
    <token name="T_COMMENT">// Figure out the total number of tests.</token>
  </line>
  <line no="113">
    <token name="T_WHITESPACE">        </token>
    <token name="T_VARIABLE">$tests</token>
    <token name="T_WHITESPACE">   </token>
    <token name="T_PHPDOX_EQUAL">=</token>
    <token name="T_WHITESPACE"> </token>
    <token name="T_LNUMBER">0</token>
    <token name="T_PHPDOX_SEMICOLON">;</token>
  </line>
  <line no="114">
    <token name="T_WHITESPACE">        </token>
    <token name="T_VARIABLE">$matches</token>
    <token name="T_WHITESPACE"> </token>
    <token name="T_PHPDOX_EQUAL">=</token>
    <token name="T_WHITESPACE"> </token>
    <token name="T_PHPDOX_OPEN_SQUARE">[</token>
    <token name="T_PHPDOX_CLOSE_SQUARE">]</token>
    <token name="T_PHPDOX_SEMICOLON">;</token>
  </line>
  <line no="115">
    <token name="T_WHITESPACE">        </token>
    <token name="T_STRING">preg_match_all</token>
    <token name="T_PHPDOX_OPEN_BRACKET">(</token>
    <token name="T_CONSTANT_ENCAPSED_STRING">'/tests="([0-9]+)"/'</token>
    <token name="T_PHPDOX_COMMA">,</token>
    <token name="T_WHITESPACE"> </token>
    <token name="T_VARIABLE">$cachedData</token>
    <token name="T_PHPDOX_COMMA">,</token>
    <token name="T_WHITESPACE"> </token>
    <token name="T_VARIABLE">$matches</token>
    <token name="T_PHPDOX_CLOSE_BRACKET">)</token>
    <token name="T_PHPDOX_SEMICOLON">;</token>
  </line>
  <line no="116">
    <token name="T_WHITESPACE">        </token>
    <token name="T_IF">if</token>
    <token name="T_WHITESPACE"> </token>
    <token name="T_PHPDOX_OPEN_BRACKET">(</token>
    <token name="T_ISSET">isset</token>
    <token name="T_PHPDOX_OPEN_BRACKET">(</token>
    <token name="T_VARIABLE">$matches</token>
    <token name="T_PHPDOX_OPEN_SQUARE">[</token>
    <token name="T_LNUMBER">1</token>
    <token name="T_PHPDOX_CLOSE_SQUARE">]</token>
    <token name="T_PHPDOX_CLOSE_BRACKET">)</token>
    <token name="T_WHITESPACE"> </token>
    <token name="T_IS_IDENTICAL">===</token>
    <token name="T_WHITESPACE"> </token>
    <token name="T_STRING">true</token>
    <token name="T_PHPDOX_CLOSE_BRACKET">)</token>
    <token name="T_WHITESPACE"> </token>
    <token name="T_PHPDOX_OPEN_CURLY">{</token>
  </line>
  <line no="117">
    <token name="T_WHITESPACE">            </token>
    <token name="T_FOREACH">foreach</token>
    <token name="T_WHITESPACE"> </token>
    <token name="T_PHPDOX_OPEN_BRACKET">(</token>
    <token name="T_VARIABLE">$matches</token>
    <token name="T_PHPDOX_OPEN_SQUARE">[</token>
    <token name="T_LNUMBER">1</token>
    <token name="T_PHPDOX_CLOSE_SQUARE">]</token>
    <token name="T_WHITESPACE"> </token>
    <token name="T_AS">as</token>
    <token name="T_WHITESPACE"> </token>
    <token name="T_VARIABLE">$match</token>
    <token name="T_PHPDOX_CLOSE_BRACKET">)</token>
    <token name="T_WHITESPACE"> </token>
    <token name="T_PHPDOX_OPEN_CURLY">{</token>
  </line>
  <line no="118">
    <token name="T_WHITESPACE">                </token>
    <token name="T_VARIABLE">$tests</token>
    <token name="T_WHITESPACE"> </token>
    <token name="T_PLUS_EQUAL">+=</token>
    <token name="T_WHITESPACE"> </token>
    <token name="T_VARIABLE">$match</token>
    <token name="T_PHPDOX_SEMICOLON">;</token>
  </line>
  <line no="119">
    <token name="T_WHITESPACE">            </token>
    <token name="T_PHPDOX_CLOSE_CURLY">}</token>
  </line>
  <line no="120">
    <token name="T_WHITESPACE">        </token>
    <token name="T_PHPDOX_CLOSE_CURLY">}</token>
  </line>
  <line no="121"/>
  <line no="122">
    <token name="T_WHITESPACE">        </token>
    <token name="T_VARIABLE">$failures</token>
    <token name="T_WHITESPACE"> </token>
    <token name="T_PHPDOX_EQUAL">=</token>
    <token name="T_WHITESPACE"> </token>
    <token name="T_PHPDOX_OPEN_BRACKET">(</token>
    <token name="T_VARIABLE">$totalErrors</token>
    <token name="T_WHITESPACE"> </token>
    <token name="T_PHPDOX_PLUS">+</token>
    <token name="T_WHITESPACE"> </token>
    <token name="T_VARIABLE">$totalWarnings</token>
    <token name="T_PHPDOX_CLOSE_BRACKET">)</token>
    <token name="T_PHPDOX_SEMICOLON">;</token>
  </line>
  <line no="123">
    <token name="T_WHITESPACE">        </token>
    <token name="T_ECHO">echo</token>
    <token name="T_WHITESPACE"> </token>
    <token name="T_CONSTANT_ENCAPSED_STRING">'&lt;?xml version="1.0" encoding="UTF-8"?&gt;'</token>
    <token name="T_PHPDOX_DOT">.</token>
    <token name="T_STRING">PHP_EOL</token>
    <token name="T_PHPDOX_SEMICOLON">;</token>
  </line>
  <line no="124">
    <token name="T_WHITESPACE">        </token>
    <token name="T_ECHO">echo</token>
    <token name="T_WHITESPACE"> </token>
    <token name="T_CONSTANT_ENCAPSED_STRING">'&lt;testsuites name="PHP_CodeSniffer '</token>
    <token name="T_PHPDOX_DOT">.</token>
    <token name="T_STRING">Config</token>
    <token name="T_DOUBLE_COLON">::</token>
    <token name="T_STRING">VERSION</token>
    <token name="T_PHPDOX_DOT">.</token>
    <token name="T_CONSTANT_ENCAPSED_STRING">'" errors="0" tests="'</token>
    <token name="T_PHPDOX_DOT">.</token>
    <token name="T_VARIABLE">$tests</token>
    <token name="T_PHPDOX_DOT">.</token>
    <token name="T_CONSTANT_ENCAPSED_STRING">'" failures="'</token>
    <token name="T_PHPDOX_DOT">.</token>
    <token name="T_VARIABLE">$failures</token>
    <token name="T_PHPDOX_DOT">.</token>
    <token name="T_CONSTANT_ENCAPSED_STRING">'"&gt;'</token>
    <token name="T_PHPDOX_DOT">.</token>
    <token name="T_STRING">PHP_EOL</token>
    <token name="T_PHPDOX_SEMICOLON">;</token>
  </line>
  <line no="125">
    <token name="T_WHITESPACE">        </token>
    <token name="T_ECHO">echo</token>
    <token name="T_WHITESPACE"> </token>
    <token name="T_VARIABLE">$cachedData</token>
    <token name="T_PHPDOX_SEMICOLON">;</token>
  </line>
  <line no="126">
    <token name="T_WHITESPACE">        </token>
    <token name="T_ECHO">echo</token>
    <token name="T_WHITESPACE"> </token>
    <token name="T_CONSTANT_ENCAPSED_STRING">'&lt;/testsuites&gt;'</token>
    <token name="T_PHPDOX_DOT">.</token>
    <token name="T_STRING">PHP_EOL</token>
    <token name="T_PHPDOX_SEMICOLON">;</token>
  </line>
  <line no="127"/>
  <line no="128">
    <token name="T_WHITESPACE">    </token>
    <token name="T_PHPDOX_CLOSE_CURLY">}</token>
    <token name="T_COMMENT">//end generate()</token>
  </line>
  <line no="129"/>
  <line no="130"/>
  <line no="131">
    <token name="T_PHPDOX_CLOSE_CURLY">}</token>
    <token name="T_COMMENT">//end class</token>
  </line>
  <line no="132"/>
</source>
